<?xml version='1.0' encoding='utf-8'?>
<testsuite name="AutomationML / OPC UA mapper Phase 1 baseline" tests="196" failures="24" skipped="146">
  <testcase classname="opcua-comparison.PY-STRICT.upstream-unit-legacy" name="UP-UNIT-000" time="0.145014">
    <skipped message="PASS"/>
  </testcase>
  <testcase classname="opcua-comparison.XSLT-RAW.upstream-unit-legacy" name="UP-UNIT-000" time="0.073156">
    <skipped message="FAIL"/>
  </testcase>
  <testcase classname="opcua-comparison.XSLT-RUNNER.upstream-unit-legacy" name="UP-UNIT-000" time="0.003502">
    <skipped message="FAIL"/>
  </testcase>
  <testcase classname="opcua-comparison.XSLT-PATCHED.upstream-unit-legacy" name="UP-UNIT-000" time="0.091811">
    <skipped message="PASS"/>
  </testcase>
  <testcase classname="opcua-comparison.PY-STRICT.upstream-unit" name="UP-UNIT-001" time="0.003744"/>
  <testcase classname="opcua-comparison.XSLT-RAW.upstream-unit" name="UP-UNIT-001" time="0.002481">
    <failure type="NODESET_SEMANTICS" message="nodeset_semantics: invalid alias 'RequiredValue' 'ns=2;ns=2;i=2004'">secure_xml: PASS — DTD/entity markup absent and no-network parser succeeded
nodeset_xsd: PASS — official vendored UANodeSet XSD accepts the output
nodeset_semantics: FAIL — nodeset_semantics: invalid alias 'RequiredValue' 'ns=2;ns=2;i=2004'</failure>
  </testcase>
  <testcase classname="opcua-comparison.XSLT-RUNNER.upstream-unit" name="UP-UNIT-001" time="0.003264">
    <skipped message="FAIL"/>
  </testcase>
  <testcase classname="opcua-comparison.XSLT-PATCHED.upstream-unit" name="UP-UNIT-001" time="0.004606">
    <skipped message="PASS"/>
  </testcase>
  <testcase classname="opcua-comparison.PY-STRICT.upstream-unit" name="UP-UNIT-002" time="0.021130"/>
  <testcase classname="opcua-comparison.XSLT-RAW.upstream-unit" name="UP-UNIT-002" time="0.011923">
    <failure type="NODESET_SEMANTICS" message="nodeset_semantics: invalid alias 'RequiredValue' 'ns=2;ns=2;i=2004'">secure_xml: PASS — DTD/entity markup absent and no-network parser succeeded
nodeset_xsd: PASS — official vendored UANodeSet XSD accepts the output
nodeset_semantics: FAIL — nodeset_semantics: invalid alias 'RequiredValue' 'ns=2;ns=2;i=2004'</failure>
  </testcase>
  <testcase classname="opcua-comparison.XSLT-RUNNER.upstream-unit" name="UP-UNIT-002" time="0.013260">
    <skipped message="FAIL"/>
  </testcase>
  <testcase classname="opcua-comparison.XSLT-PATCHED.upstream-unit" name="UP-UNIT-002" time="0.029993">
    <skipped message="FAIL"/>
  </testcase>
  <testcase classname="opcua-comparison.PY-STRICT.upstream-unit-legacy" name="UP-UNIT-003" time="0.006828">
    <skipped message="PASS"/>
  </testcase>
  <testcase classname="opcua-comparison.XSLT-RAW.upstream-unit-legacy" name="UP-UNIT-003" time="0.003034">
    <skipped message="FAIL"/>
  </testcase>
  <testcase classname="opcua-comparison.XSLT-RUNNER.upstream-unit-legacy" name="UP-UNIT-003" time="0.003010">
    <skipped message="FAIL"/>
  </testcase>
  <testcase classname="opcua-comparison.XSLT-PATCHED.upstream-unit-legacy" name="UP-UNIT-003" time="0.009295">
    <skipped message="PASS"/>
  </testcase>
  <testcase classname="opcua-comparison.PY-STRICT.upstream-unit-legacy" name="UP-UNIT-004" time="0.007584">
    <skipped message="PASS"/>
  </testcase>
  <testcase classname="opcua-comparison.XSLT-RAW.upstream-unit-legacy" name="UP-UNIT-004" time="0.003407">
    <skipped message="FAIL"/>
  </testcase>
  <testcase classname="opcua-comparison.XSLT-RUNNER.upstream-unit-legacy" name="UP-UNIT-004" time="0.003368">
    <skipped message="FAIL"/>
  </testcase>
  <testcase classname="opcua-comparison.XSLT-PATCHED.upstream-unit-legacy" name="UP-UNIT-004" time="0.006673">
    <skipped message="FAIL"/>
  </testcase>
  <testcase classname="opcua-comparison.PY-STRICT.upstream-unit-legacy" name="UP-UNIT-005" time="0.004177">
    <skipped message="PASS"/>
  </testcase>
  <testcase classname="opcua-comparison.XSLT-RAW.upstream-unit-legacy" name="UP-UNIT-005" time="0.002010">
    <skipped message="FAIL"/>
  </testcase>
  <testcase classname="opcua-comparison.XSLT-RUNNER.upstream-unit-legacy" name="UP-UNIT-005" time="0.002165">
    <skipped message="FAIL"/>
  </testcase>
  <testcase classname="opcua-comparison.XSLT-PATCHED.upstream-unit-legacy" name="UP-UNIT-005" time="0.005984">
    <skipped message="PASS"/>
  </testcase>
  <testcase classname="opcua-comparison.PY-STRICT.upstream-unit" name="UP-UNIT-006" time="0.012094"/>
  <testcase classname="opcua-comparison.XSLT-RAW.upstream-unit" name="UP-UNIT-006" time="0.009485">
    <failure type="NODESET_SEMANTICS" message="nodeset_semantics: invalid alias 'RequiredValue' 'ns=2;ns=2;i=2004'">secure_xml: PASS — DTD/entity markup absent and no-network parser succeeded
nodeset_xsd: PASS — official vendored UANodeSet XSD accepts the output
nodeset_semantics: FAIL — nodeset_semantics: invalid alias 'RequiredValue' 'ns=2;ns=2;i=2004'</failure>
  </testcase>
  <testcase classname="opcua-comparison.XSLT-RUNNER.upstream-unit" name="UP-UNIT-006" time="0.009983">
    <skipped message="FAIL"/>
  </testcase>
  <testcase classname="opcua-comparison.XSLT-PATCHED.upstream-unit" name="UP-UNIT-006" time="0.039258">
    <skipped message="FAIL"/>
  </testcase>
  <testcase classname="opcua-comparison.PY-STRICT.upstream-unit-legacy" name="UP-UNIT-007" time="0.018107">
    <skipped message="PASS"/>
  </testcase>
  <testcase classname="opcua-comparison.XSLT-RAW.upstream-unit-legacy" name="UP-UNIT-007" time="0.006966">
    <skipped message="FAIL"/>
  </testcase>
  <testcase classname="opcua-comparison.XSLT-RUNNER.upstream-unit-legacy" name="UP-UNIT-007" time="0.006784">
    <skipped message="FAIL"/>
  </testcase>
  <testcase classname="opcua-comparison.XSLT-PATCHED.upstream-unit-legacy" name="UP-UNIT-007" time="0.014062">
    <skipped message="FAIL"/>
  </testcase>
  <testcase classname="opcua-comparison.PY-STRICT.upstream-unit-legacy" name="UP-UNIT-008" time="0.014133">
    <skipped message="PASS"/>
  </testcase>
  <testcase classname="opcua-comparison.XSLT-RAW.upstream-unit-legacy" name="UP-UNIT-008" time="0.006795">
    <skipped message="FAIL"/>
  </testcase>
  <testcase classname="opcua-comparison.XSLT-RUNNER.upstream-unit-legacy" name="UP-UNIT-008" time="0.007024">
    <skipped message="FAIL"/>
  </testcase>
  <testcase classname="opcua-comparison.XSLT-PATCHED.upstream-unit-legacy" name="UP-UNIT-008" time="0.015416">
    <skipped message="FAIL"/>
  </testcase>
  <testcase classname="opcua-comparison.PY-STRICT.upstream-unit" name="UP-UNIT-009" time="0.007903"/>
  <testcase classname="opcua-comparison.XSLT-RAW.upstream-unit" name="UP-UNIT-009" time="0.004979">
    <failure type="NODESET_SEMANTICS" message="nodeset_semantics: invalid alias 'RequiredValue' 'ns=2;ns=2;i=2004'">secure_xml: PASS — DTD/entity markup absent and no-network parser succeeded
nodeset_xsd: PASS — official vendored UANodeSet XSD accepts the output
nodeset_semantics: FAIL — nodeset_semantics: invalid alias 'RequiredValue' 'ns=2;ns=2;i=2004'</failure>
  </testcase>
  <testcase classname="opcua-comparison.XSLT-RUNNER.upstream-unit" name="UP-UNIT-009" time="0.005121">
    <skipped message="FAIL"/>
  </testcase>
  <testcase classname="opcua-comparison.XSLT-PATCHED.upstream-unit" name="UP-UNIT-009" time="0.006560">
    <skipped message="FAIL"/>
  </testcase>
  <testcase classname="opcua-comparison.PY-STRICT.upstream-unit-legacy" name="UP-UNIT-010" time="0.023196">
    <skipped message="FAIL"/>
  </testcase>
  <testcase classname="opcua-comparison.XSLT-RAW.upstream-unit-legacy" name="UP-UNIT-010" time="0.015832">
    <skipped message="FAIL"/>
  </testcase>
  <testcase classname="opcua-comparison.XSLT-RUNNER.upstream-unit-legacy" name="UP-UNIT-010" time="0.010850">
    <skipped message="FAIL"/>
  </testcase>
  <testcase classname="opcua-comparison.XSLT-PATCHED.upstream-unit-legacy" name="UP-UNIT-010" time="0.039811">
    <skipped message="PASS"/>
  </testcase>
  <testcase classname="opcua-comparison.PY-STRICT.upstream-unit" name="UP-UNIT-011" time="0.010393"/>
  <testcase classname="opcua-comparison.XSLT-RAW.upstream-unit" name="UP-UNIT-011" time="0.006354">
    <failure type="NODESET_SEMANTICS" message="nodeset_semantics: invalid alias 'RequiredValue' 'ns=2;ns=2;i=2004'">secure_xml: PASS — DTD/entity markup absent and no-network parser succeeded
nodeset_xsd: PASS — official vendored UANodeSet XSD accepts the output
nodeset_semantics: FAIL — nodeset_semantics: invalid alias 'RequiredValue' 'ns=2;ns=2;i=2004'</failure>
  </testcase>
  <testcase classname="opcua-comparison.XSLT-RUNNER.upstream-unit" name="UP-UNIT-011" time="0.006186">
    <skipped message="FAIL"/>
  </testcase>
  <testcase classname="opcua-comparison.XSLT-PATCHED.upstream-unit" name="UP-UNIT-011" time="0.009205">
    <skipped message="FAIL"/>
  </testcase>
  <testcase classname="opcua-comparison.PY-STRICT.upstream-unit" name="UP-UNIT-012" time="0.014722"/>
  <testcase classname="opcua-comparison.XSLT-RAW.upstream-unit" name="UP-UNIT-012" time="0.009261">
    <failure type="NODESET_SEMANTICS" message="nodeset_semantics: invalid alias 'RequiredValue' 'ns=2;ns=2;i=2004'">secure_xml: PASS — DTD/entity markup absent and no-network parser succeeded
nodeset_xsd: PASS — official vendored UANodeSet XSD accepts the output
nodeset_semantics: FAIL — nodeset_semantics: invalid alias 'RequiredValue' 'ns=2;ns=2;i=2004'</failure>
  </testcase>
  <testcase classname="opcua-comparison.XSLT-RUNNER.upstream-unit" name="UP-UNIT-012" time="0.009402">
    <skipped message="FAIL"/>
  </testcase>
  <testcase classname="opcua-comparison.XSLT-PATCHED.upstream-unit" name="UP-UNIT-012" time="0.018222">
    <skipped message="FAIL"/>
  </testcase>
  <testcase classname="opcua-comparison.PY-STRICT.upstream-unit" name="UP-UNIT-013" time="0.030014"/>
  <testcase classname="opcua-comparison.XSLT-RAW.upstream-unit" name="UP-UNIT-013" time="0.020551">
    <failure type="NODESET_SEMANTICS" message="nodeset_semantics: invalid alias 'RequiredValue' 'ns=2;ns=2;i=2004'">secure_xml: PASS — DTD/entity markup absent and no-network parser succeeded
nodeset_xsd: PASS — official vendored UANodeSet XSD accepts the output
nodeset_semantics: FAIL — nodeset_semantics: invalid alias 'RequiredValue' 'ns=2;ns=2;i=2004'</failure>
  </testcase>
  <testcase classname="opcua-comparison.XSLT-RUNNER.upstream-unit" name="UP-UNIT-013" time="0.019148">
    <skipped message="FAIL"/>
  </testcase>
  <testcase classname="opcua-comparison.XSLT-PATCHED.upstream-unit" name="UP-UNIT-013" time="0.043552">
    <skipped message="UNSUPPORTED"/>
  </testcase>
  <testcase classname="opcua-comparison.PY-STRICT.upstream-unit" name="UP-UNIT-014" time="0.027995"/>
  <testcase classname="opcua-comparison.XSLT-RAW.upstream-unit" name="UP-UNIT-014" time="0.014926">
    <failure type="NODESET_SEMANTICS" message="nodeset_semantics: invalid alias 'RequiredValue' 'ns=2;ns=2;i=2004'">secure_xml: PASS — DTD/entity markup absent and no-network parser succeeded
nodeset_xsd: PASS — official vendored UANodeSet XSD accepts the output
nodeset_semantics: FAIL — nodeset_semantics: invalid alias 'RequiredValue' 'ns=2;ns=2;i=2004'</failure>
  </testcase>
  <testcase classname="opcua-comparison.XSLT-RUNNER.upstream-unit" name="UP-UNIT-014" time="0.020604">
    <skipped message="FAIL"/>
  </testcase>
  <testcase classname="opcua-comparison.XSLT-PATCHED.upstream-unit" name="UP-UNIT-014" time="0.029265">
    <skipped message="FAIL"/>
  </testcase>
  <testcase classname="opcua-comparison.PY-STRICT.upstream-application-legacy" name="UP-APP-000" time="0.019922">
    <skipped message="PASS"/>
  </testcase>
  <testcase classname="opcua-comparison.XSLT-RAW.upstream-application-legacy" name="UP-APP-000" time="0.019496">
    <skipped message="FAIL"/>
  </testcase>
  <testcase classname="opcua-comparison.XSLT-RUNNER.upstream-application-legacy" name="UP-APP-000" time="0.017515">
    <skipped message="FAIL"/>
  </testcase>
  <testcase classname="opcua-comparison.XSLT-PATCHED.upstream-application-legacy" name="UP-APP-000" time="0.043822">
    <skipped message="FAIL"/>
  </testcase>
  <testcase classname="opcua-comparison.PY-STRICT.upstream-application-legacy" name="UP-APP-001" time="0.055554">
    <skipped message="PASS"/>
  </testcase>
  <testcase classname="opcua-comparison.XSLT-RAW.upstream-application-legacy" name="UP-APP-001" time="0.044327">
    <skipped message="FAIL"/>
  </testcase>
  <testcase classname="opcua-comparison.XSLT-RUNNER.upstream-application-legacy" name="UP-APP-001" time="0.041063">
    <skipped message="FAIL"/>
  </testcase>
  <testcase classname="opcua-comparison.XSLT-PATCHED.upstream-application-legacy" name="UP-APP-001" time="0.088398">
    <skipped message="FAIL"/>
  </testcase>
  <testcase classname="opcua-comparison.PY-STRICT.upstream-application-legacy" name="UP-APP-002" time="0.068495">
    <skipped message="PASS"/>
  </testcase>
  <testcase classname="opcua-comparison.XSLT-RAW.upstream-application-legacy" name="UP-APP-002" time="0.075017">
    <skipped message="FAIL"/>
  </testcase>
  <testcase classname="opcua-comparison.XSLT-RUNNER.upstream-application-legacy" name="UP-APP-002" time="0.073419">
    <skipped message="FAIL"/>
  </testcase>
  <testcase classname="opcua-comparison.XSLT-PATCHED.upstream-application-legacy" name="UP-APP-002" time="0.180458">
    <skipped message="FAIL"/>
  </testcase>
  <testcase classname="opcua-comparison.PY-STRICT.upstream-application-legacy" name="UP-APP-003" time="0.293311">
    <skipped message="FAIL"/>
  </testcase>
  <testcase classname="opcua-comparison.XSLT-RAW.upstream-application-legacy" name="UP-APP-003" time="0.380992">
    <skipped message="FAIL"/>
  </testcase>
  <testcase classname="opcua-comparison.XSLT-RUNNER.upstream-application-legacy" name="UP-APP-003" time="0.387039">
    <skipped message="FAIL"/>
  </testcase>
  <testcase classname="opcua-comparison.XSLT-PATCHED.upstream-application-legacy" name="UP-APP-003" time="1.305449">
    <skipped message="FAIL"/>
  </testcase>
  <testcase classname="opcua-comparison.PY-STRICT.upstream-application-legacy" name="UP-APP-004" time="0.000000">
    <skipped message="INVALID_FIXTURE"/>
  </testcase>
  <testcase classname="opcua-comparison.XSLT-RAW.upstream-application-legacy" name="UP-APP-004" time="0.000000">
    <skipped message="INVALID_FIXTURE"/>
  </testcase>
  <testcase classname="opcua-comparison.XSLT-RUNNER.upstream-application-legacy" name="UP-APP-004" time="0.000000">
    <skipped message="INVALID_FIXTURE"/>
  </testcase>
  <testcase classname="opcua-comparison.XSLT-PATCHED.upstream-application-legacy" name="UP-APP-004" time="0.000000">
    <skipped message="INVALID_FIXTURE"/>
  </testcase>
  <testcase classname="opcua-comparison.PY-STRICT.upstream-application-legacy" name="UP-APP-005" time="0.196036">
    <skipped message="FAIL"/>
  </testcase>
  <testcase classname="opcua-comparison.XSLT-RAW.upstream-application-legacy" name="UP-APP-005" time="0.387057">
    <skipped message="FAIL"/>
  </testcase>
  <testcase classname="opcua-comparison.XSLT-RUNNER.upstream-application-legacy" name="UP-APP-005" time="0.392691">
    <skipped message="FAIL"/>
  </testcase>
  <testcase classname="opcua-comparison.XSLT-PATCHED.upstream-application-legacy" name="UP-APP-005" time="1.324375">
    <skipped message="FAIL"/>
  </testcase>
  <testcase classname="opcua-comparison.PY-STRICT.upstream-application" name="UP-APP-006" time="0.003715"/>
  <testcase classname="opcua-comparison.XSLT-RAW.upstream-application" name="UP-APP-006" time="0.003904">
    <failure type="NODESET_SEMANTICS" message="nodeset_semantics: invalid alias 'RequiredValue' 'ns=2;ns=2;i=2004'">secure_xml: PASS — DTD/entity markup absent and no-network parser succeeded
nodeset_xsd: PASS — official vendored UANodeSet XSD accepts the output
nodeset_semantics: FAIL — nodeset_semantics: invalid alias 'RequiredValue' 'ns=2;ns=2;i=2004'</failure>
  </testcase>
  <testcase classname="opcua-comparison.XSLT-RUNNER.upstream-application" name="UP-APP-006" time="0.003955">
    <skipped message="FAIL"/>
  </testcase>
  <testcase classname="opcua-comparison.XSLT-PATCHED.upstream-application" name="UP-APP-006" time="0.004534">
    <skipped message="PASS"/>
  </testcase>
  <testcase classname="opcua-comparison.PY-STRICT.upstream-application" name="UP-APP-007" time="0.003586"/>
  <testcase classname="opcua-comparison.XSLT-RAW.upstream-application" name="UP-APP-007" time="0.003297">
    <failure type="NODESET_SEMANTICS" message="nodeset_semantics: invalid alias 'RequiredValue' 'ns=2;ns=2;i=2004'">secure_xml: PASS — DTD/entity markup absent and no-network parser succeeded
nodeset_xsd: PASS — official vendored UANodeSet XSD accepts the output
nodeset_semantics: FAIL — nodeset_semantics: invalid alias 'RequiredValue' 'ns=2;ns=2;i=2004'</failure>
  </testcase>
  <testcase classname="opcua-comparison.XSLT-RUNNER.upstream-application" name="UP-APP-007" time="0.003329">
    <skipped message="FAIL"/>
  </testcase>
  <testcase classname="opcua-comparison.XSLT-PATCHED.upstream-application" name="UP-APP-007" time="0.004481">
    <skipped message="PASS"/>
  </testcase>
  <testcase classname="opcua-comparison.PY-STRICT.upstream-application" name="UP-APP-008" time="0.006023"/>
  <testcase classname="opcua-comparison.XSLT-RAW.upstream-application" name="UP-APP-008" time="0.004538">
    <failure type="NODESET_SEMANTICS" message="nodeset_semantics: invalid alias 'RequiredValue' 'ns=2;ns=2;i=2004'">secure_xml: PASS — DTD/entity markup absent and no-network parser succeeded
nodeset_xsd: PASS — official vendored UANodeSet XSD accepts the output
nodeset_semantics: FAIL — nodeset_semantics: invalid alias 'RequiredValue' 'ns=2;ns=2;i=2004'</failure>
  </testcase>
  <testcase classname="opcua-comparison.XSLT-RUNNER.upstream-application" name="UP-APP-008" time="0.004884">
    <skipped message="FAIL"/>
  </testcase>
  <testcase classname="opcua-comparison.XSLT-PATCHED.upstream-application" name="UP-APP-008" time="0.007264">
    <skipped message="PASS"/>
  </testcase>
  <testcase classname="opcua-comparison.PY-STRICT.upstream-application" name="UP-APP-009" time="0.013311"/>
  <testcase classname="opcua-comparison.XSLT-RAW.upstream-application" name="UP-APP-009" time="0.013037">
    <failure type="NODESET_SEMANTICS" message="nodeset_semantics: invalid alias 'RequiredValue' 'ns=2;ns=2;i=2004'">secure_xml: PASS — DTD/entity markup absent and no-network parser succeeded
nodeset_xsd: PASS — official vendored UANodeSet XSD accepts the output
nodeset_semantics: FAIL — nodeset_semantics: invalid alias 'RequiredValue' 'ns=2;ns=2;i=2004'</failure>
  </testcase>
  <testcase classname="opcua-comparison.XSLT-RUNNER.upstream-application" name="UP-APP-009" time="0.013420">
    <skipped message="FAIL"/>
  </testcase>
  <testcase classname="opcua-comparison.XSLT-PATCHED.upstream-application" name="UP-APP-009" time="0.023325">
    <skipped message="PASS"/>
  </testcase>
  <testcase classname="opcua-comparison.PY-STRICT.upstream-application-legacy" name="UP-APP-010" time="0.061689">
    <skipped message="PASS"/>
  </testcase>
  <testcase classname="opcua-comparison.XSLT-RAW.upstream-application-legacy" name="UP-APP-010" time="0.073162">
    <skipped message="FAIL"/>
  </testcase>
  <testcase classname="opcua-comparison.XSLT-RUNNER.upstream-application-legacy" name="UP-APP-010" time="0.072485">
    <skipped message="FAIL"/>
  </testcase>
  <testcase classname="opcua-comparison.XSLT-PATCHED.upstream-application-legacy" name="UP-APP-010" time="0.160745">
    <skipped message="FAIL"/>
  </testcase>
  <testcase classname="opcua-comparison.PY-STRICT.upstream-application-legacy" name="UP-APP-011" time="0.053177">
    <skipped message="PASS"/>
  </testcase>
  <testcase classname="opcua-comparison.XSLT-RAW.upstream-application-legacy" name="UP-APP-011" time="0.052682">
    <skipped message="FAIL"/>
  </testcase>
  <testcase classname="opcua-comparison.XSLT-RUNNER.upstream-application-legacy" name="UP-APP-011" time="0.055704">
    <skipped message="FAIL"/>
  </testcase>
  <testcase classname="opcua-comparison.XSLT-PATCHED.upstream-application-legacy" name="UP-APP-011" time="0.118908">
    <skipped message="FAIL"/>
  </testcase>
  <testcase classname="opcua-comparison.PY-STRICT.upstream-application-legacy" name="UP-APP-012" time="0.011519">
    <skipped message="PASS"/>
  </testcase>
  <testcase classname="opcua-comparison.XSLT-RAW.upstream-application-legacy" name="UP-APP-012" time="0.009672">
    <skipped message="FAIL"/>
  </testcase>
  <testcase classname="opcua-comparison.XSLT-RUNNER.upstream-application-legacy" name="UP-APP-012" time="0.010137">
    <skipped message="FAIL"/>
  </testcase>
  <testcase classname="opcua-comparison.XSLT-PATCHED.upstream-application-legacy" name="UP-APP-012" time="0.021888">
    <skipped message="PASS"/>
  </testcase>
  <testcase classname="opcua-comparison.PY-STRICT.upstream-application-legacy" name="UP-APP-013" time="0.011539">
    <skipped message="PASS"/>
  </testcase>
  <testcase classname="opcua-comparison.XSLT-RAW.upstream-application-legacy" name="UP-APP-013" time="0.009719">
    <skipped message="FAIL"/>
  </testcase>
  <testcase classname="opcua-comparison.XSLT-RUNNER.upstream-application-legacy" name="UP-APP-013" time="0.009145">
    <skipped message="FAIL"/>
  </testcase>
  <testcase classname="opcua-comparison.XSLT-PATCHED.upstream-application-legacy" name="UP-APP-013" time="0.020424">
    <skipped message="PASS"/>
  </testcase>
  <testcase classname="opcua-comparison.PY-STRICT.upstream-application" name="UP-APP-014" time="0.003879"/>
  <testcase classname="opcua-comparison.XSLT-RAW.upstream-application" name="UP-APP-014" time="0.003847">
    <failure type="NODESET_SEMANTICS" message="nodeset_semantics: invalid alias 'RequiredValue' 'ns=2;ns=2;i=2004'">secure_xml: PASS — DTD/entity markup absent and no-network parser succeeded
nodeset_xsd: PASS — official vendored UANodeSet XSD accepts the output
nodeset_semantics: FAIL — nodeset_semantics: invalid alias 'RequiredValue' 'ns=2;ns=2;i=2004'</failure>
  </testcase>
  <testcase classname="opcua-comparison.XSLT-RUNNER.upstream-application" name="UP-APP-014" time="0.004092">
    <skipped message="FAIL"/>
  </testcase>
  <testcase classname="opcua-comparison.XSLT-PATCHED.upstream-application" name="UP-APP-014" time="0.004541">
    <skipped message="PASS"/>
  </testcase>
  <testcase classname="opcua-comparison.PY-STRICT.upstream-opc-observation" name="UP-OPC-000" time="0.004089">
    <skipped message="PASS"/>
  </testcase>
  <testcase classname="opcua-comparison.XSLT-RAW.upstream-opc-observation" name="UP-OPC-000" time="0.007410">
    <skipped message="PASS"/>
  </testcase>
  <testcase classname="opcua-comparison.XSLT-RUNNER.upstream-opc-observation" name="UP-OPC-000" time="0.003480">
    <skipped message="PASS"/>
  </testcase>
  <testcase classname="opcua-comparison.XSLT-PATCHED.upstream-opc-observation" name="UP-OPC-000" time="0.004099">
    <skipped message="PASS"/>
  </testcase>
  <testcase classname="opcua-comparison.PY-STRICT.upstream-opc-observation" name="UP-OPC-001" time="0.001846">
    <skipped message="UNSUPPORTED"/>
  </testcase>
  <testcase classname="opcua-comparison.XSLT-RAW.upstream-opc-observation" name="UP-OPC-001" time="0.001855">
    <skipped message="PASS"/>
  </testcase>
  <testcase classname="opcua-comparison.XSLT-RUNNER.upstream-opc-observation" name="UP-OPC-001" time="0.001812">
    <skipped message="PASS"/>
  </testcase>
  <testcase classname="opcua-comparison.XSLT-PATCHED.upstream-opc-observation" name="UP-OPC-001" time="0.001801">
    <skipped message="UNSUPPORTED"/>
  </testcase>
  <testcase classname="opcua-comparison.PY-STRICT.upstream-opc-observation" name="UP-OPC-002" time="0.016512">
    <skipped message="UNSUPPORTED"/>
  </testcase>
  <testcase classname="opcua-comparison.XSLT-RAW.upstream-opc-observation" name="UP-OPC-002" time="0.029434">
    <skipped message="PASS"/>
  </testcase>
  <testcase classname="opcua-comparison.XSLT-RUNNER.upstream-opc-observation" name="UP-OPC-002" time="0.028298">
    <skipped message="PASS"/>
  </testcase>
  <testcase classname="opcua-comparison.XSLT-PATCHED.upstream-opc-observation" name="UP-OPC-002" time="0.016672">
    <skipped message="UNSUPPORTED"/>
  </testcase>
  <testcase classname="opcua-comparison.PY-STRICT.upstream-opc-observation" name="UP-OPC-003" time="0.013929">
    <skipped message="UNSUPPORTED"/>
  </testcase>
  <testcase classname="opcua-comparison.XSLT-RAW.upstream-opc-observation" name="UP-OPC-003" time="0.017300">
    <skipped message="PASS"/>
  </testcase>
  <testcase classname="opcua-comparison.XSLT-RUNNER.upstream-opc-observation" name="UP-OPC-003" time="0.017951">
    <skipped message="PASS"/>
  </testcase>
  <testcase classname="opcua-comparison.XSLT-PATCHED.upstream-opc-observation" name="UP-OPC-003" time="0.013540">
    <skipped message="UNSUPPORTED"/>
  </testcase>
  <testcase classname="opcua-comparison.PY-STRICT.upstream-opc-observation" name="UP-OPC-004" time="0.000000">
    <skipped message="INVALID_FIXTURE"/>
  </testcase>
  <testcase classname="opcua-comparison.XSLT-RAW.upstream-opc-observation" name="UP-OPC-004" time="0.000000">
    <skipped message="INVALID_FIXTURE"/>
  </testcase>
  <testcase classname="opcua-comparison.XSLT-RUNNER.upstream-opc-observation" name="UP-OPC-004" time="0.000000">
    <skipped message="INVALID_FIXTURE"/>
  </testcase>
  <testcase classname="opcua-comparison.XSLT-PATCHED.upstream-opc-observation" name="UP-OPC-004" time="0.000000">
    <skipped message="INVALID_FIXTURE"/>
  </testcase>
  <testcase classname="opcua-comparison.PY-STRICT.upstream-opc-observation" name="UP-OPC-005" time="0.001516">
    <skipped message="PASS"/>
  </testcase>
  <testcase classname="opcua-comparison.XSLT-RAW.upstream-opc-observation" name="UP-OPC-005" time="0.001339">
    <skipped message="PASS"/>
  </testcase>
  <testcase classname="opcua-comparison.XSLT-RUNNER.upstream-opc-observation" name="UP-OPC-005" time="0.001240">
    <skipped message="PASS"/>
  </testcase>
  <testcase classname="opcua-comparison.XSLT-PATCHED.upstream-opc-observation" name="UP-OPC-005" time="0.001446">
    <skipped message="PASS"/>
  </testcase>
  <testcase classname="opcua-comparison.PY-STRICT.upstream-opc-observation" name="UP-OPC-006" time="0.001796">
    <skipped message="UNSUPPORTED"/>
  </testcase>
  <testcase classname="opcua-comparison.XSLT-RAW.upstream-opc-observation" name="UP-OPC-006" time="0.002565">
    <skipped message="PASS"/>
  </testcase>
  <testcase classname="opcua-comparison.XSLT-RUNNER.upstream-opc-observation" name="UP-OPC-006" time="0.002575">
    <skipped message="PASS"/>
  </testcase>
  <testcase classname="opcua-comparison.XSLT-PATCHED.upstream-opc-observation" name="UP-OPC-006" time="0.001882">
    <skipped message="UNSUPPORTED"/>
  </testcase>
  <testcase classname="opcua-comparison.PY-STRICT.known-defect" name="REG-NODEID-001" time="0.001966"/>
  <testcase classname="opcua-comparison.XSLT-RAW.known-defect" name="REG-NODEID-001" time="0.002227">
    <failure type="EXPECTED_GRAPH" message="expected_graph: NodeIds match forbidden 'ns=\\d+;ns=': ['ns=2;ns=2;i=2004', 'ns=2;ns=2;i=2005', 'ns=2;ns=2;i=2006']">secure_xml: PASS — DTD/entity markup absent and no-network parser succeeded
nodeset_xsd: PASS — official vendored UANodeSet XSD accepts the output
no_roundtrip_metadata: PASS — no embedded AML or forbidden mapper-private shadow nodes
expected_graph: FAIL — expected_graph: NodeIds match forbidden 'ns=\\d+;ns=': ['ns=2;ns=2;i=2004', 'ns=2;ns=2;i=2005', 'ns=2;ns=2;i=2006']</failure>
  </testcase>
  <testcase classname="opcua-comparison.XSLT-RUNNER.known-defect" name="REG-NODEID-001" time="0.002263">
    <skipped message="FAIL"/>
  </testcase>
  <testcase classname="opcua-comparison.XSLT-PATCHED.known-defect" name="REG-NODEID-001" time="0.002526">
    <skipped message="PASS"/>
  </testcase>
  <testcase classname="opcua-comparison.PY-STRICT.known-defect" name="REG-REF-001" time="0.007727"/>
  <testcase classname="opcua-comparison.XSLT-RAW.known-defect" name="REG-REF-001" time="0.009108">
    <failure type="EXPECTED_GRAPH" message="expected_graph: forbidden reference types HasComponnent">secure_xml: PASS — DTD/entity markup absent and no-network parser succeeded
nodeset_xsd: PASS — official vendored UANodeSet XSD accepts the output
no_roundtrip_metadata: PASS — no embedded AML or forbidden mapper-private shadow nodes
expected_graph: FAIL — expected_graph: forbidden reference types HasComponnent</failure>
  </testcase>
  <testcase classname="opcua-comparison.XSLT-RUNNER.known-defect" name="REG-REF-001" time="0.009213">
    <skipped message="FAIL"/>
  </testcase>
  <testcase classname="opcua-comparison.XSLT-PATCHED.known-defect" name="REG-REF-001" time="0.011807">
    <skipped message="FAIL"/>
  </testcase>
  <testcase classname="opcua-comparison.PY-STRICT.known-defect" name="REG-MODEL-001" time="0.002791"/>
  <testcase classname="opcua-comparison.XSLT-RAW.known-defect" name="REG-MODEL-001" time="0.003106">
    <failure type="EXPECTED_GRAPH" message="expected_graph: a Model Version is absent or empty">secure_xml: PASS — DTD/entity markup absent and no-network parser succeeded
nodeset_xsd: PASS — official vendored UANodeSet XSD accepts the output
no_roundtrip_metadata: PASS — no embedded AML or forbidden mapper-private shadow nodes
expected_graph: FAIL — expected_graph: a Model Version is absent or empty</failure>
  </testcase>
  <testcase classname="opcua-comparison.XSLT-RUNNER.known-defect" name="REG-MODEL-001" time="0.003373">
    <skipped message="FAIL"/>
  </testcase>
  <testcase classname="opcua-comparison.XSLT-PATCHED.known-defect" name="REG-MODEL-001" time="0.003995">
    <skipped message="FAIL"/>
  </testcase>
  <testcase classname="opcua-comparison.PY-STRICT.known-defect" name="REG-DETERMINISM-001" time="0.003242"/>
  <testcase classname="opcua-comparison.XSLT-RAW.known-defect" name="REG-DETERMINISM-001" time="0.001826">
    <failure type="EXPECTED_GRAPH" message="expected_graph: required PublicationDate '2026-08-17T00:00:00Z' is absent; got ['2026-09-18T11:38:58Z']">secure_xml: PASS — DTD/entity markup absent and no-network parser succeeded
nodeset_xsd: PASS — official vendored UANodeSet XSD accepts the output
no_roundtrip_metadata: PASS — no embedded AML or forbidden mapper-private shadow nodes
expected_graph: FAIL — expected_graph: required PublicationDate '2026-08-17T00:00:00Z' is absent; got ['2026-09-18T11:38:58Z']</failure>
  </testcase>
  <testcase classname="opcua-comparison.XSLT-RUNNER.known-defect" name="REG-DETERMINISM-001" time="0.001977">
    <skipped message="FAIL"/>
  </testcase>
  <testcase classname="opcua-comparison.XSLT-PATCHED.known-defect" name="REG-DETERMINISM-001" time="0.004406">
    <skipped message="PASS"/>
  </testcase>
  <testcase classname="opcua-comparison.PY-STRICT.known-defect" name="REG-DTYPE-001" time="0.002681"/>
  <testcase classname="opcua-comparison.XSLT-RAW.known-defect" name="REG-DTYPE-001" time="0.005032">
    <failure type="EXPECTED_GRAPH" message="expected_graph: UAVariable 'identifier' count is 0, expected 1">secure_xml: PASS — DTD/entity markup absent and no-network parser succeeded
nodeset_xsd: PASS — official vendored UANodeSet XSD accepts the output
no_roundtrip_metadata: PASS — no embedded AML or forbidden mapper-private shadow nodes
expected_graph: FAIL — expected_graph: UAVariable 'identifier' count is 0, expected 1</failure>
  </testcase>
  <testcase classname="opcua-comparison.XSLT-RUNNER.known-defect" name="REG-DTYPE-001" time="0.003556">
    <skipped message="FAIL"/>
  </testcase>
  <testcase classname="opcua-comparison.XSLT-PATCHED.known-defect" name="REG-DTYPE-001" time="0.003968">
    <skipped message="FAIL"/>
  </testcase>
  <testcase classname="opcua-comparison.PY-STRICT.known-defect" name="REG-DTYPE-002" time="0.002671"/>
  <testcase classname="opcua-comparison.XSLT-RAW.known-defect" name="REG-DTYPE-002" time="0.003203">
    <failure type="EXPECTED_GRAPH" message="expected_graph: UAVariable 'timestamp' count is 0, expected 1">secure_xml: PASS — DTD/entity markup absent and no-network parser succeeded
nodeset_xsd: PASS — official vendored UANodeSet XSD accepts the output
no_roundtrip_metadata: PASS — no embedded AML or forbidden mapper-private shadow nodes
expected_graph: FAIL — expected_graph: UAVariable 'timestamp' count is 0, expected 1</failure>
  </testcase>
  <testcase classname="opcua-comparison.XSLT-RUNNER.known-defect" name="REG-DTYPE-002" time="0.003536">
    <skipped message="FAIL"/>
  </testcase>
  <testcase classname="opcua-comparison.XSLT-PATCHED.known-defect" name="REG-DTYPE-002" time="0.003918">
    <skipped message="FAIL"/>
  </testcase>
  <testcase classname="opcua-comparison.PY-STRICT.known-defect" name="REG-DTYPE-003" time="0.002601"/>
  <testcase classname="opcua-comparison.XSLT-RAW.known-defect" name="REG-DTYPE-003" time="0.003251">
    <failure type="EXPECTED_GRAPH" message="expected_graph: UAVariable 'token' count is 0, expected 1">secure_xml: PASS — DTD/entity markup absent and no-network parser succeeded
nodeset_xsd: PASS — official vendored UANodeSet XSD accepts the output
no_roundtrip_metadata: PASS — no embedded AML or forbidden mapper-private shadow nodes
expected_graph: FAIL — expected_graph: UAVariable 'token' count is 0, expected 1</failure>
  </testcase>
  <testcase classname="opcua-comparison.XSLT-RUNNER.known-defect" name="REG-DTYPE-003" time="0.003544">
    <skipped message="FAIL"/>
  </testcase>
  <testcase classname="opcua-comparison.XSLT-PATCHED.known-defect" name="REG-DTYPE-003" time="0.004157">
    <skipped message="FAIL"/>
  </testcase>
  <testcase classname="opcua-comparison.PY-STRICT.known-defect" name="REG-CLASS-001" time="0.003021"/>
  <testcase classname="opcua-comparison.XSLT-RAW.known-defect" name="REG-CLASS-001" time="0.003385">
    <failure type="EXPECTED_GRAPH" message="expected_graph: NodeIds match forbidden '/': ['ConnectorLib/BaseConnector/PortConnector']">secure_xml: PASS — DTD/entity markup absent and no-network parser succeeded
nodeset_xsd: PASS — official vendored UANodeSet XSD accepts the output
no_roundtrip_metadata: PASS — no embedded AML or forbidden mapper-private shadow nodes
expected_graph: FAIL — expected_graph: NodeIds match forbidden '/': ['ConnectorLib/BaseConnector/PortConnector']</failure>
  </testcase>
  <testcase classname="opcua-comparison.XSLT-RUNNER.known-defect" name="REG-CLASS-001" time="0.003389">
    <skipped message="FAIL"/>
  </testcase>
  <testcase classname="opcua-comparison.XSLT-PATCHED.known-defect" name="REG-CLASS-001" time="0.004153">
    <skipped message="PASS"/>
  </testcase>
  <testcase classname="opcua-comparison.PY-STRICT.known-defect" name="REG-IDENTITY-001" time="0.001803"/>
  <testcase classname="opcua-comparison.XSLT-RAW.known-defect" name="REG-IDENTITY-001" time="0.001819">
    <failure type="NODESET_SEMANTICS" message="nodeset_semantics: invalid alias 'RequiredValue' 'ns=2;ns=2;i=2004'">secure_xml: PASS — DTD/entity markup absent and no-network parser succeeded
nodeset_xsd: PASS — official vendored UANodeSet XSD accepts the output
nodeset_semantics: FAIL — nodeset_semantics: invalid alias 'RequiredValue' 'ns=2;ns=2;i=2004'</failure>
  </testcase>
  <testcase classname="opcua-comparison.XSLT-RUNNER.known-defect" name="REG-IDENTITY-001" time="0.002019">
    <skipped message="FAIL"/>
  </testcase>
  <testcase classname="opcua-comparison.XSLT-PATCHED.known-defect" name="REG-IDENTITY-001" time="0.002424">
    <skipped message="FAIL"/>
  </testcase>
  <testcase classname="opcua-comparison.PY-STRICT.known-defect" name="REG-CLASS-002" time="0.003122"/>
  <testcase classname="opcua-comparison.XSLT-RAW.known-defect" name="REG-CLASS-002" time="0.003608"/>
  <testcase classname="opcua-comparison.XSLT-RUNNER.known-defect" name="REG-CLASS-002" time="0.003807">
    <skipped message="PASS"/>
  </testcase>
  <testcase classname="opcua-comparison.XSLT-PATCHED.known-defect" name="REG-CLASS-002" time="0.004579">
    <skipped message="PASS"/>
  </testcase>
  <testcase classname="opcua-comparison.PY-STRICT.known-defect" name="REG-ATTR-001" time="0.002508"/>
  <testcase classname="opcua-comparison.XSLT-RAW.known-defect" name="REG-ATTR-001" time="0.002901">
    <failure type="EXPECTED_GRAPH" message="expected_graph: UAVariable 'DefaultValue' count is 0, expected 1">secure_xml: PASS — DTD/entity markup absent and no-network parser succeeded
nodeset_xsd: PASS — official vendored UANodeSet XSD accepts the output
no_roundtrip_metadata: PASS — no embedded AML or forbidden mapper-private shadow nodes
expected_graph: FAIL — expected_graph: UAVariable 'DefaultValue' count is 0, expected 1</failure>
  </testcase>
  <testcase classname="opcua-comparison.XSLT-RUNNER.known-defect" name="REG-ATTR-001" time="0.003181">
    <skipped message="FAIL"/>
  </testcase>
  <testcase classname="opcua-comparison.XSLT-PATCHED.known-defect" name="REG-ATTR-001" time="0.003450">
    <skipped message="FAIL"/>
  </testcase>
  <testcase classname="opcua-comparison.PY-STRICT.known-defect" name="REG-ATTR-002" time="0.002468"/>
  <testcase classname="opcua-comparison.XSLT-RAW.known-defect" name="REG-ATTR-002" time="0.002731">
    <failure type="EXPECTED_GRAPH" message="expected_graph: UAVariable 'state' count is 0, expected 1">secure_xml: PASS — DTD/entity markup absent and no-network parser succeeded
nodeset_xsd: PASS — official vendored UANodeSet XSD accepts the output
no_roundtrip_metadata: PASS — no embedded AML or forbidden mapper-private shadow nodes
expected_graph: FAIL — expected_graph: UAVariable 'state' count is 0, expected 1</failure>
  </testcase>
  <testcase classname="opcua-comparison.XSLT-RUNNER.known-defect" name="REG-ATTR-002" time="0.003033">
    <skipped message="FAIL"/>
  </testcase>
  <testcase classname="opcua-comparison.XSLT-PATCHED.known-defect" name="REG-ATTR-002" time="0.003420">
    <skipped message="FAIL"/>
  </testcase>
</testsuite>
