<?xml version='1.0' encoding='utf-8'?>
<testsuite name="AutomationML / OPC UA strict-profile release comparison" tests="580" failures="120" skipped="338">
  <testcase classname="opcua-comparison.PY-STRICT.upstream-unit-legacy" name="UP-UNIT-000" time="0.139513">
    <skipped message="PASS"/>
  </testcase>
  <testcase classname="opcua-comparison.XSLT-RAW.upstream-unit-legacy" name="UP-UNIT-000" time="0.074506">
    <skipped message="FAIL"/>
  </testcase>
  <testcase classname="opcua-comparison.XSLT-RUNNER.upstream-unit-legacy" name="UP-UNIT-000" time="0.003613">
    <skipped message="FAIL"/>
  </testcase>
  <testcase classname="opcua-comparison.XSLT-PATCHED.upstream-unit-legacy" name="UP-UNIT-000" time="0.094862">
    <skipped message="PASS"/>
  </testcase>
  <testcase classname="opcua-comparison.PY-STRICT.upstream-unit" name="UP-UNIT-001" time="0.004780"/>
  <testcase classname="opcua-comparison.XSLT-RAW.upstream-unit" name="UP-UNIT-001" time="0.002842">
    <failure type="NODESET_SEMANTICS" message="nodeset_semantics: invalid alias 'RequiredValue' 'ns=2;ns=2;i=2004'">secure_xml: PASS — DTD/entity markup absent and no-network parser succeeded
nodeset_xsd: PASS — official vendored UANodeSet XSD accepts the output
nodeset_semantics: FAIL — nodeset_semantics: invalid alias 'RequiredValue' 'ns=2;ns=2;i=2004'</failure>
  </testcase>
  <testcase classname="opcua-comparison.XSLT-RUNNER.upstream-unit" name="UP-UNIT-001" time="0.002362">
    <skipped message="FAIL"/>
  </testcase>
  <testcase classname="opcua-comparison.XSLT-PATCHED.upstream-unit" name="UP-UNIT-001" time="0.004282">
    <skipped message="PASS"/>
  </testcase>
  <testcase classname="opcua-comparison.PY-STRICT.upstream-unit" name="UP-UNIT-002" time="0.022268"/>
  <testcase classname="opcua-comparison.XSLT-RAW.upstream-unit" name="UP-UNIT-002" time="0.013949">
    <failure type="NODESET_SEMANTICS" message="nodeset_semantics: invalid alias 'RequiredValue' 'ns=2;ns=2;i=2004'">secure_xml: PASS — DTD/entity markup absent and no-network parser succeeded
nodeset_xsd: PASS — official vendored UANodeSet XSD accepts the output
nodeset_semantics: FAIL — nodeset_semantics: invalid alias 'RequiredValue' 'ns=2;ns=2;i=2004'</failure>
  </testcase>
  <testcase classname="opcua-comparison.XSLT-RUNNER.upstream-unit" name="UP-UNIT-002" time="0.012587">
    <skipped message="FAIL"/>
  </testcase>
  <testcase classname="opcua-comparison.XSLT-PATCHED.upstream-unit" name="UP-UNIT-002" time="0.031046">
    <skipped message="FAIL"/>
  </testcase>
  <testcase classname="opcua-comparison.PY-STRICT.upstream-unit-legacy" name="UP-UNIT-003" time="0.007531">
    <skipped message="PASS"/>
  </testcase>
  <testcase classname="opcua-comparison.XSLT-RAW.upstream-unit-legacy" name="UP-UNIT-003" time="0.003383">
    <skipped message="FAIL"/>
  </testcase>
  <testcase classname="opcua-comparison.XSLT-RUNNER.upstream-unit-legacy" name="UP-UNIT-003" time="0.003087">
    <skipped message="FAIL"/>
  </testcase>
  <testcase classname="opcua-comparison.XSLT-PATCHED.upstream-unit-legacy" name="UP-UNIT-003" time="0.008934">
    <skipped message="PASS"/>
  </testcase>
  <testcase classname="opcua-comparison.PY-STRICT.upstream-unit-legacy" name="UP-UNIT-004" time="0.007577">
    <skipped message="PASS"/>
  </testcase>
  <testcase classname="opcua-comparison.XSLT-RAW.upstream-unit-legacy" name="UP-UNIT-004" time="0.003312">
    <skipped message="FAIL"/>
  </testcase>
  <testcase classname="opcua-comparison.XSLT-RUNNER.upstream-unit-legacy" name="UP-UNIT-004" time="0.003382">
    <skipped message="FAIL"/>
  </testcase>
  <testcase classname="opcua-comparison.XSLT-PATCHED.upstream-unit-legacy" name="UP-UNIT-004" time="0.007395">
    <skipped message="FAIL"/>
  </testcase>
  <testcase classname="opcua-comparison.PY-STRICT.upstream-unit-legacy" name="UP-UNIT-005" time="0.004271">
    <skipped message="PASS"/>
  </testcase>
  <testcase classname="opcua-comparison.XSLT-RAW.upstream-unit-legacy" name="UP-UNIT-005" time="0.002203">
    <skipped message="FAIL"/>
  </testcase>
  <testcase classname="opcua-comparison.XSLT-RUNNER.upstream-unit-legacy" name="UP-UNIT-005" time="0.002305">
    <skipped message="FAIL"/>
  </testcase>
  <testcase classname="opcua-comparison.XSLT-PATCHED.upstream-unit-legacy" name="UP-UNIT-005" time="0.005849">
    <skipped message="PASS"/>
  </testcase>
  <testcase classname="opcua-comparison.PY-STRICT.upstream-unit" name="UP-UNIT-006" time="0.015349"/>
  <testcase classname="opcua-comparison.XSLT-RAW.upstream-unit" name="UP-UNIT-006" time="0.010471">
    <failure type="NODESET_SEMANTICS" message="nodeset_semantics: invalid alias 'RequiredValue' 'ns=2;ns=2;i=2004'">secure_xml: PASS — DTD/entity markup absent and no-network parser succeeded
nodeset_xsd: PASS — official vendored UANodeSet XSD accepts the output
nodeset_semantics: FAIL — nodeset_semantics: invalid alias 'RequiredValue' 'ns=2;ns=2;i=2004'</failure>
  </testcase>
  <testcase classname="opcua-comparison.XSLT-RUNNER.upstream-unit" name="UP-UNIT-006" time="0.009950">
    <skipped message="FAIL"/>
  </testcase>
  <testcase classname="opcua-comparison.XSLT-PATCHED.upstream-unit" name="UP-UNIT-006" time="0.045441">
    <skipped message="FAIL"/>
  </testcase>
  <testcase classname="opcua-comparison.PY-STRICT.upstream-unit-legacy" name="UP-UNIT-007" time="0.019357">
    <skipped message="PASS"/>
  </testcase>
  <testcase classname="opcua-comparison.XSLT-RAW.upstream-unit-legacy" name="UP-UNIT-007" time="0.007975">
    <skipped message="FAIL"/>
  </testcase>
  <testcase classname="opcua-comparison.XSLT-RUNNER.upstream-unit-legacy" name="UP-UNIT-007" time="0.007376">
    <skipped message="FAIL"/>
  </testcase>
  <testcase classname="opcua-comparison.XSLT-PATCHED.upstream-unit-legacy" name="UP-UNIT-007" time="0.015797">
    <skipped message="FAIL"/>
  </testcase>
  <testcase classname="opcua-comparison.PY-STRICT.upstream-unit-legacy" name="UP-UNIT-008" time="0.014814">
    <skipped message="PASS"/>
  </testcase>
  <testcase classname="opcua-comparison.XSLT-RAW.upstream-unit-legacy" name="UP-UNIT-008" time="0.007478">
    <skipped message="FAIL"/>
  </testcase>
  <testcase classname="opcua-comparison.XSLT-RUNNER.upstream-unit-legacy" name="UP-UNIT-008" time="0.007670">
    <skipped message="FAIL"/>
  </testcase>
  <testcase classname="opcua-comparison.XSLT-PATCHED.upstream-unit-legacy" name="UP-UNIT-008" time="0.015155">
    <skipped message="FAIL"/>
  </testcase>
  <testcase classname="opcua-comparison.PY-STRICT.upstream-unit" name="UP-UNIT-009" time="0.008113"/>
  <testcase classname="opcua-comparison.XSLT-RAW.upstream-unit" name="UP-UNIT-009" time="0.005398">
    <failure type="NODESET_SEMANTICS" message="nodeset_semantics: invalid alias 'RequiredValue' 'ns=2;ns=2;i=2004'">secure_xml: PASS — DTD/entity markup absent and no-network parser succeeded
nodeset_xsd: PASS — official vendored UANodeSet XSD accepts the output
nodeset_semantics: FAIL — nodeset_semantics: invalid alias 'RequiredValue' 'ns=2;ns=2;i=2004'</failure>
  </testcase>
  <testcase classname="opcua-comparison.XSLT-RUNNER.upstream-unit" name="UP-UNIT-009" time="0.006009">
    <skipped message="FAIL"/>
  </testcase>
  <testcase classname="opcua-comparison.XSLT-PATCHED.upstream-unit" name="UP-UNIT-009" time="0.007120">
    <skipped message="FAIL"/>
  </testcase>
  <testcase classname="opcua-comparison.PY-STRICT.upstream-unit-legacy" name="UP-UNIT-010" time="0.023557">
    <skipped message="FAIL"/>
  </testcase>
  <testcase classname="opcua-comparison.XSLT-RAW.upstream-unit-legacy" name="UP-UNIT-010" time="0.017052">
    <skipped message="FAIL"/>
  </testcase>
  <testcase classname="opcua-comparison.XSLT-RUNNER.upstream-unit-legacy" name="UP-UNIT-010" time="0.011333">
    <skipped message="FAIL"/>
  </testcase>
  <testcase classname="opcua-comparison.XSLT-PATCHED.upstream-unit-legacy" name="UP-UNIT-010" time="0.042053">
    <skipped message="PASS"/>
  </testcase>
  <testcase classname="opcua-comparison.PY-STRICT.upstream-unit" name="UP-UNIT-011" time="0.009748"/>
  <testcase classname="opcua-comparison.XSLT-RAW.upstream-unit" name="UP-UNIT-011" time="0.006627">
    <failure type="NODESET_SEMANTICS" message="nodeset_semantics: invalid alias 'RequiredValue' 'ns=2;ns=2;i=2004'">secure_xml: PASS — DTD/entity markup absent and no-network parser succeeded
nodeset_xsd: PASS — official vendored UANodeSet XSD accepts the output
nodeset_semantics: FAIL — nodeset_semantics: invalid alias 'RequiredValue' 'ns=2;ns=2;i=2004'</failure>
  </testcase>
  <testcase classname="opcua-comparison.XSLT-RUNNER.upstream-unit" name="UP-UNIT-011" time="0.006562">
    <skipped message="FAIL"/>
  </testcase>
  <testcase classname="opcua-comparison.XSLT-PATCHED.upstream-unit" name="UP-UNIT-011" time="0.009625">
    <skipped message="FAIL"/>
  </testcase>
  <testcase classname="opcua-comparison.PY-STRICT.upstream-unit" name="UP-UNIT-012" time="0.014948"/>
  <testcase classname="opcua-comparison.XSLT-RAW.upstream-unit" name="UP-UNIT-012" time="0.010097">
    <failure type="NODESET_SEMANTICS" message="nodeset_semantics: invalid alias 'RequiredValue' 'ns=2;ns=2;i=2004'">secure_xml: PASS — DTD/entity markup absent and no-network parser succeeded
nodeset_xsd: PASS — official vendored UANodeSet XSD accepts the output
nodeset_semantics: FAIL — nodeset_semantics: invalid alias 'RequiredValue' 'ns=2;ns=2;i=2004'</failure>
  </testcase>
  <testcase classname="opcua-comparison.XSLT-RUNNER.upstream-unit" name="UP-UNIT-012" time="0.009511">
    <skipped message="FAIL"/>
  </testcase>
  <testcase classname="opcua-comparison.XSLT-PATCHED.upstream-unit" name="UP-UNIT-012" time="0.018651">
    <skipped message="FAIL"/>
  </testcase>
  <testcase classname="opcua-comparison.PY-STRICT.upstream-unit" name="UP-UNIT-013" time="0.028423"/>
  <testcase classname="opcua-comparison.XSLT-RAW.upstream-unit" name="UP-UNIT-013" time="0.018544">
    <failure type="NODESET_SEMANTICS" message="nodeset_semantics: invalid alias 'RequiredValue' 'ns=2;ns=2;i=2004'">secure_xml: PASS — DTD/entity markup absent and no-network parser succeeded
nodeset_xsd: PASS — official vendored UANodeSet XSD accepts the output
nodeset_semantics: FAIL — nodeset_semantics: invalid alias 'RequiredValue' 'ns=2;ns=2;i=2004'</failure>
  </testcase>
  <testcase classname="opcua-comparison.XSLT-RUNNER.upstream-unit" name="UP-UNIT-013" time="0.018565">
    <skipped message="FAIL"/>
  </testcase>
  <testcase classname="opcua-comparison.XSLT-PATCHED.upstream-unit" name="UP-UNIT-013" time="0.044074">
    <skipped message="UNSUPPORTED"/>
  </testcase>
  <testcase classname="opcua-comparison.PY-STRICT.upstream-unit" name="UP-UNIT-014" time="0.025621"/>
  <testcase classname="opcua-comparison.XSLT-RAW.upstream-unit" name="UP-UNIT-014" time="0.014095">
    <failure type="NODESET_SEMANTICS" message="nodeset_semantics: invalid alias 'RequiredValue' 'ns=2;ns=2;i=2004'">secure_xml: PASS — DTD/entity markup absent and no-network parser succeeded
nodeset_xsd: PASS — official vendored UANodeSet XSD accepts the output
nodeset_semantics: FAIL — nodeset_semantics: invalid alias 'RequiredValue' 'ns=2;ns=2;i=2004'</failure>
  </testcase>
  <testcase classname="opcua-comparison.XSLT-RUNNER.upstream-unit" name="UP-UNIT-014" time="0.019154">
    <skipped message="FAIL"/>
  </testcase>
  <testcase classname="opcua-comparison.XSLT-PATCHED.upstream-unit" name="UP-UNIT-014" time="0.029774">
    <skipped message="FAIL"/>
  </testcase>
  <testcase classname="opcua-comparison.PY-STRICT.upstream-application-legacy" name="UP-APP-000" time="0.019299">
    <skipped message="PASS"/>
  </testcase>
  <testcase classname="opcua-comparison.XSLT-RAW.upstream-application-legacy" name="UP-APP-000" time="0.017284">
    <skipped message="FAIL"/>
  </testcase>
  <testcase classname="opcua-comparison.XSLT-RUNNER.upstream-application-legacy" name="UP-APP-000" time="0.016350">
    <skipped message="FAIL"/>
  </testcase>
  <testcase classname="opcua-comparison.XSLT-PATCHED.upstream-application-legacy" name="UP-APP-000" time="0.042267">
    <skipped message="FAIL"/>
  </testcase>
  <testcase classname="opcua-comparison.PY-STRICT.upstream-application-legacy" name="UP-APP-001" time="0.059374">
    <skipped message="PASS"/>
  </testcase>
  <testcase classname="opcua-comparison.XSLT-RAW.upstream-application-legacy" name="UP-APP-001" time="0.044371">
    <skipped message="FAIL"/>
  </testcase>
  <testcase classname="opcua-comparison.XSLT-RUNNER.upstream-application-legacy" name="UP-APP-001" time="0.039918">
    <skipped message="FAIL"/>
  </testcase>
  <testcase classname="opcua-comparison.XSLT-PATCHED.upstream-application-legacy" name="UP-APP-001" time="0.088853">
    <skipped message="FAIL"/>
  </testcase>
  <testcase classname="opcua-comparison.PY-STRICT.upstream-application-legacy" name="UP-APP-002" time="0.063810">
    <skipped message="PASS"/>
  </testcase>
  <testcase classname="opcua-comparison.XSLT-RAW.upstream-application-legacy" name="UP-APP-002" time="0.076591">
    <skipped message="FAIL"/>
  </testcase>
  <testcase classname="opcua-comparison.XSLT-RUNNER.upstream-application-legacy" name="UP-APP-002" time="0.082835">
    <skipped message="FAIL"/>
  </testcase>
  <testcase classname="opcua-comparison.XSLT-PATCHED.upstream-application-legacy" name="UP-APP-002" time="0.212339">
    <skipped message="FAIL"/>
  </testcase>
  <testcase classname="opcua-comparison.PY-STRICT.upstream-application-legacy" name="UP-APP-003" time="0.296443">
    <skipped message="FAIL"/>
  </testcase>
  <testcase classname="opcua-comparison.XSLT-RAW.upstream-application-legacy" name="UP-APP-003" time="0.387265">
    <skipped message="FAIL"/>
  </testcase>
  <testcase classname="opcua-comparison.XSLT-RUNNER.upstream-application-legacy" name="UP-APP-003" time="0.392276">
    <skipped message="FAIL"/>
  </testcase>
  <testcase classname="opcua-comparison.XSLT-PATCHED.upstream-application-legacy" name="UP-APP-003" time="1.329404">
    <skipped message="FAIL"/>
  </testcase>
  <testcase classname="opcua-comparison.PY-STRICT.upstream-application-legacy" name="UP-APP-004" time="0.000000">
    <skipped message="INVALID_FIXTURE"/>
  </testcase>
  <testcase classname="opcua-comparison.XSLT-RAW.upstream-application-legacy" name="UP-APP-004" time="0.000000">
    <skipped message="INVALID_FIXTURE"/>
  </testcase>
  <testcase classname="opcua-comparison.XSLT-RUNNER.upstream-application-legacy" name="UP-APP-004" time="0.000000">
    <skipped message="INVALID_FIXTURE"/>
  </testcase>
  <testcase classname="opcua-comparison.XSLT-PATCHED.upstream-application-legacy" name="UP-APP-004" time="0.000000">
    <skipped message="INVALID_FIXTURE"/>
  </testcase>
  <testcase classname="opcua-comparison.PY-STRICT.upstream-application-legacy" name="UP-APP-005" time="0.200929">
    <skipped message="FAIL"/>
  </testcase>
  <testcase classname="opcua-comparison.XSLT-RAW.upstream-application-legacy" name="UP-APP-005" time="0.383314">
    <skipped message="FAIL"/>
  </testcase>
  <testcase classname="opcua-comparison.XSLT-RUNNER.upstream-application-legacy" name="UP-APP-005" time="0.393516">
    <skipped message="FAIL"/>
  </testcase>
  <testcase classname="opcua-comparison.XSLT-PATCHED.upstream-application-legacy" name="UP-APP-005" time="1.384232">
    <skipped message="FAIL"/>
  </testcase>
  <testcase classname="opcua-comparison.PY-STRICT.upstream-application" name="UP-APP-006" time="0.003829"/>
  <testcase classname="opcua-comparison.XSLT-RAW.upstream-application" name="UP-APP-006" time="0.004173">
    <failure type="NODESET_SEMANTICS" message="nodeset_semantics: invalid alias 'RequiredValue' 'ns=2;ns=2;i=2004'">secure_xml: PASS — DTD/entity markup absent and no-network parser succeeded
nodeset_xsd: PASS — official vendored UANodeSet XSD accepts the output
nodeset_semantics: FAIL — nodeset_semantics: invalid alias 'RequiredValue' 'ns=2;ns=2;i=2004'</failure>
  </testcase>
  <testcase classname="opcua-comparison.XSLT-RUNNER.upstream-application" name="UP-APP-006" time="0.003853">
    <skipped message="FAIL"/>
  </testcase>
  <testcase classname="opcua-comparison.XSLT-PATCHED.upstream-application" name="UP-APP-006" time="0.004656">
    <skipped message="PASS"/>
  </testcase>
  <testcase classname="opcua-comparison.PY-STRICT.upstream-application" name="UP-APP-007" time="0.004002"/>
  <testcase classname="opcua-comparison.XSLT-RAW.upstream-application" name="UP-APP-007" time="0.003568">
    <failure type="NODESET_SEMANTICS" message="nodeset_semantics: invalid alias 'RequiredValue' 'ns=2;ns=2;i=2004'">secure_xml: PASS — DTD/entity markup absent and no-network parser succeeded
nodeset_xsd: PASS — official vendored UANodeSet XSD accepts the output
nodeset_semantics: FAIL — nodeset_semantics: invalid alias 'RequiredValue' 'ns=2;ns=2;i=2004'</failure>
  </testcase>
  <testcase classname="opcua-comparison.XSLT-RUNNER.upstream-application" name="UP-APP-007" time="0.003604">
    <skipped message="FAIL"/>
  </testcase>
  <testcase classname="opcua-comparison.XSLT-PATCHED.upstream-application" name="UP-APP-007" time="0.004475">
    <skipped message="PASS"/>
  </testcase>
  <testcase classname="opcua-comparison.PY-STRICT.upstream-application" name="UP-APP-008" time="0.006017"/>
  <testcase classname="opcua-comparison.XSLT-RAW.upstream-application" name="UP-APP-008" time="0.004803">
    <failure type="NODESET_SEMANTICS" message="nodeset_semantics: invalid alias 'RequiredValue' 'ns=2;ns=2;i=2004'">secure_xml: PASS — DTD/entity markup absent and no-network parser succeeded
nodeset_xsd: PASS — official vendored UANodeSet XSD accepts the output
nodeset_semantics: FAIL — nodeset_semantics: invalid alias 'RequiredValue' 'ns=2;ns=2;i=2004'</failure>
  </testcase>
  <testcase classname="opcua-comparison.XSLT-RUNNER.upstream-application" name="UP-APP-008" time="0.005331">
    <skipped message="FAIL"/>
  </testcase>
  <testcase classname="opcua-comparison.XSLT-PATCHED.upstream-application" name="UP-APP-008" time="0.008075">
    <skipped message="PASS"/>
  </testcase>
  <testcase classname="opcua-comparison.PY-STRICT.upstream-application" name="UP-APP-009" time="0.013848"/>
  <testcase classname="opcua-comparison.XSLT-RAW.upstream-application" name="UP-APP-009" time="0.013795">
    <failure type="NODESET_SEMANTICS" message="nodeset_semantics: invalid alias 'RequiredValue' 'ns=2;ns=2;i=2004'">secure_xml: PASS — DTD/entity markup absent and no-network parser succeeded
nodeset_xsd: PASS — official vendored UANodeSet XSD accepts the output
nodeset_semantics: FAIL — nodeset_semantics: invalid alias 'RequiredValue' 'ns=2;ns=2;i=2004'</failure>
  </testcase>
  <testcase classname="opcua-comparison.XSLT-RUNNER.upstream-application" name="UP-APP-009" time="0.014016">
    <skipped message="FAIL"/>
  </testcase>
  <testcase classname="opcua-comparison.XSLT-PATCHED.upstream-application" name="UP-APP-009" time="0.024225">
    <skipped message="PASS"/>
  </testcase>
  <testcase classname="opcua-comparison.PY-STRICT.upstream-application-legacy" name="UP-APP-010" time="0.062734">
    <skipped message="PASS"/>
  </testcase>
  <testcase classname="opcua-comparison.XSLT-RAW.upstream-application-legacy" name="UP-APP-010" time="0.073518">
    <skipped message="FAIL"/>
  </testcase>
  <testcase classname="opcua-comparison.XSLT-RUNNER.upstream-application-legacy" name="UP-APP-010" time="0.074142">
    <skipped message="FAIL"/>
  </testcase>
  <testcase classname="opcua-comparison.XSLT-PATCHED.upstream-application-legacy" name="UP-APP-010" time="0.162337">
    <skipped message="FAIL"/>
  </testcase>
  <testcase classname="opcua-comparison.PY-STRICT.upstream-application-legacy" name="UP-APP-011" time="0.052859">
    <skipped message="PASS"/>
  </testcase>
  <testcase classname="opcua-comparison.XSLT-RAW.upstream-application-legacy" name="UP-APP-011" time="0.055501">
    <skipped message="FAIL"/>
  </testcase>
  <testcase classname="opcua-comparison.XSLT-RUNNER.upstream-application-legacy" name="UP-APP-011" time="0.057735">
    <skipped message="FAIL"/>
  </testcase>
  <testcase classname="opcua-comparison.XSLT-PATCHED.upstream-application-legacy" name="UP-APP-011" time="0.121602">
    <skipped message="FAIL"/>
  </testcase>
  <testcase classname="opcua-comparison.PY-STRICT.upstream-application-legacy" name="UP-APP-012" time="0.011624">
    <skipped message="PASS"/>
  </testcase>
  <testcase classname="opcua-comparison.XSLT-RAW.upstream-application-legacy" name="UP-APP-012" time="0.010080">
    <skipped message="FAIL"/>
  </testcase>
  <testcase classname="opcua-comparison.XSLT-RUNNER.upstream-application-legacy" name="UP-APP-012" time="0.010006">
    <skipped message="FAIL"/>
  </testcase>
  <testcase classname="opcua-comparison.XSLT-PATCHED.upstream-application-legacy" name="UP-APP-012" time="0.022293">
    <skipped message="PASS"/>
  </testcase>
  <testcase classname="opcua-comparison.PY-STRICT.upstream-application-legacy" name="UP-APP-013" time="0.011399">
    <skipped message="PASS"/>
  </testcase>
  <testcase classname="opcua-comparison.XSLT-RAW.upstream-application-legacy" name="UP-APP-013" time="0.009897">
    <skipped message="FAIL"/>
  </testcase>
  <testcase classname="opcua-comparison.XSLT-RUNNER.upstream-application-legacy" name="UP-APP-013" time="0.009830">
    <skipped message="FAIL"/>
  </testcase>
  <testcase classname="opcua-comparison.XSLT-PATCHED.upstream-application-legacy" name="UP-APP-013" time="0.022431">
    <skipped message="PASS"/>
  </testcase>
  <testcase classname="opcua-comparison.PY-STRICT.upstream-application" name="UP-APP-014" time="0.003935"/>
  <testcase classname="opcua-comparison.XSLT-RAW.upstream-application" name="UP-APP-014" time="0.004457">
    <failure type="NODESET_SEMANTICS" message="nodeset_semantics: invalid alias 'RequiredValue' 'ns=2;ns=2;i=2004'">secure_xml: PASS — DTD/entity markup absent and no-network parser succeeded
nodeset_xsd: PASS — official vendored UANodeSet XSD accepts the output
nodeset_semantics: FAIL — nodeset_semantics: invalid alias 'RequiredValue' 'ns=2;ns=2;i=2004'</failure>
  </testcase>
  <testcase classname="opcua-comparison.XSLT-RUNNER.upstream-application" name="UP-APP-014" time="0.004413">
    <skipped message="FAIL"/>
  </testcase>
  <testcase classname="opcua-comparison.XSLT-PATCHED.upstream-application" name="UP-APP-014" time="0.004949">
    <skipped message="PASS"/>
  </testcase>
  <testcase classname="opcua-comparison.PY-STRICT.upstream-opc-observation" name="UP-OPC-000" time="0.004243">
    <skipped message="PASS"/>
  </testcase>
  <testcase classname="opcua-comparison.XSLT-RAW.upstream-opc-observation" name="UP-OPC-000" time="0.007543">
    <skipped message="PASS"/>
  </testcase>
  <testcase classname="opcua-comparison.XSLT-RUNNER.upstream-opc-observation" name="UP-OPC-000" time="0.003657">
    <skipped message="PASS"/>
  </testcase>
  <testcase classname="opcua-comparison.XSLT-PATCHED.upstream-opc-observation" name="UP-OPC-000" time="0.004297">
    <skipped message="PASS"/>
  </testcase>
  <testcase classname="opcua-comparison.PY-STRICT.upstream-opc-observation" name="UP-OPC-001" time="0.001804">
    <skipped message="UNSUPPORTED"/>
  </testcase>
  <testcase classname="opcua-comparison.XSLT-RAW.upstream-opc-observation" name="UP-OPC-001" time="0.002015">
    <skipped message="PASS"/>
  </testcase>
  <testcase classname="opcua-comparison.XSLT-RUNNER.upstream-opc-observation" name="UP-OPC-001" time="0.001994">
    <skipped message="PASS"/>
  </testcase>
  <testcase classname="opcua-comparison.XSLT-PATCHED.upstream-opc-observation" name="UP-OPC-001" time="0.001741">
    <skipped message="UNSUPPORTED"/>
  </testcase>
  <testcase classname="opcua-comparison.PY-STRICT.upstream-opc-observation" name="UP-OPC-002" time="0.016419">
    <skipped message="UNSUPPORTED"/>
  </testcase>
  <testcase classname="opcua-comparison.XSLT-RAW.upstream-opc-observation" name="UP-OPC-002" time="0.029173">
    <skipped message="PASS"/>
  </testcase>
  <testcase classname="opcua-comparison.XSLT-RUNNER.upstream-opc-observation" name="UP-OPC-002" time="0.029956">
    <skipped message="PASS"/>
  </testcase>
  <testcase classname="opcua-comparison.XSLT-PATCHED.upstream-opc-observation" name="UP-OPC-002" time="0.017133">
    <skipped message="UNSUPPORTED"/>
  </testcase>
  <testcase classname="opcua-comparison.PY-STRICT.upstream-opc-observation" name="UP-OPC-003" time="0.013934">
    <skipped message="UNSUPPORTED"/>
  </testcase>
  <testcase classname="opcua-comparison.XSLT-RAW.upstream-opc-observation" name="UP-OPC-003" time="0.017890">
    <skipped message="PASS"/>
  </testcase>
  <testcase classname="opcua-comparison.XSLT-RUNNER.upstream-opc-observation" name="UP-OPC-003" time="0.018251">
    <skipped message="PASS"/>
  </testcase>
  <testcase classname="opcua-comparison.XSLT-PATCHED.upstream-opc-observation" name="UP-OPC-003" time="0.014179">
    <skipped message="UNSUPPORTED"/>
  </testcase>
  <testcase classname="opcua-comparison.PY-STRICT.upstream-opc-observation" name="UP-OPC-004" time="0.000000">
    <skipped message="INVALID_FIXTURE"/>
  </testcase>
  <testcase classname="opcua-comparison.XSLT-RAW.upstream-opc-observation" name="UP-OPC-004" time="0.000000">
    <skipped message="INVALID_FIXTURE"/>
  </testcase>
  <testcase classname="opcua-comparison.XSLT-RUNNER.upstream-opc-observation" name="UP-OPC-004" time="0.000000">
    <skipped message="INVALID_FIXTURE"/>
  </testcase>
  <testcase classname="opcua-comparison.XSLT-PATCHED.upstream-opc-observation" name="UP-OPC-004" time="0.000000">
    <skipped message="INVALID_FIXTURE"/>
  </testcase>
  <testcase classname="opcua-comparison.PY-STRICT.upstream-opc-observation" name="UP-OPC-005" time="0.001640">
    <skipped message="PASS"/>
  </testcase>
  <testcase classname="opcua-comparison.XSLT-RAW.upstream-opc-observation" name="UP-OPC-005" time="0.001559">
    <skipped message="PASS"/>
  </testcase>
  <testcase classname="opcua-comparison.XSLT-RUNNER.upstream-opc-observation" name="UP-OPC-005" time="0.001290">
    <skipped message="PASS"/>
  </testcase>
  <testcase classname="opcua-comparison.XSLT-PATCHED.upstream-opc-observation" name="UP-OPC-005" time="0.001607">
    <skipped message="PASS"/>
  </testcase>
  <testcase classname="opcua-comparison.PY-STRICT.upstream-opc-observation" name="UP-OPC-006" time="0.001893">
    <skipped message="UNSUPPORTED"/>
  </testcase>
  <testcase classname="opcua-comparison.XSLT-RAW.upstream-opc-observation" name="UP-OPC-006" time="0.002624">
    <skipped message="PASS"/>
  </testcase>
  <testcase classname="opcua-comparison.XSLT-RUNNER.upstream-opc-observation" name="UP-OPC-006" time="0.002735">
    <skipped message="PASS"/>
  </testcase>
  <testcase classname="opcua-comparison.XSLT-PATCHED.upstream-opc-observation" name="UP-OPC-006" time="0.001829">
    <skipped message="UNSUPPORTED"/>
  </testcase>
  <testcase classname="opcua-comparison.PY-STRICT.known-defect" name="REG-NODEID-001" time="0.002130"/>
  <testcase classname="opcua-comparison.XSLT-RAW.known-defect" name="REG-NODEID-001" time="0.002438">
    <failure type="EXPECTED_GRAPH" message="expected_graph: NodeIds match forbidden 'ns=\\d+;ns=': ['ns=2;ns=2;i=2004', 'ns=2;ns=2;i=2005', 'ns=2;ns=2;i=2006']">secure_xml: PASS — DTD/entity markup absent and no-network parser succeeded
nodeset_xsd: PASS — official vendored UANodeSet XSD accepts the output
no_roundtrip_metadata: PASS — no embedded AML or forbidden mapper-private shadow nodes
expected_graph: FAIL — expected_graph: NodeIds match forbidden 'ns=\\d+;ns=': ['ns=2;ns=2;i=2004', 'ns=2;ns=2;i=2005', 'ns=2;ns=2;i=2006']</failure>
  </testcase>
  <testcase classname="opcua-comparison.XSLT-RUNNER.known-defect" name="REG-NODEID-001" time="0.002492">
    <skipped message="FAIL"/>
  </testcase>
  <testcase classname="opcua-comparison.XSLT-PATCHED.known-defect" name="REG-NODEID-001" time="0.002607">
    <skipped message="PASS"/>
  </testcase>
  <testcase classname="opcua-comparison.PY-STRICT.known-defect" name="REG-REF-001" time="0.008018"/>
  <testcase classname="opcua-comparison.XSLT-RAW.known-defect" name="REG-REF-001" time="0.009540">
    <failure type="EXPECTED_GRAPH" message="expected_graph: forbidden reference types HasComponnent">secure_xml: PASS — DTD/entity markup absent and no-network parser succeeded
nodeset_xsd: PASS — official vendored UANodeSet XSD accepts the output
no_roundtrip_metadata: PASS — no embedded AML or forbidden mapper-private shadow nodes
expected_graph: FAIL — expected_graph: forbidden reference types HasComponnent</failure>
  </testcase>
  <testcase classname="opcua-comparison.XSLT-RUNNER.known-defect" name="REG-REF-001" time="0.009958">
    <skipped message="FAIL"/>
  </testcase>
  <testcase classname="opcua-comparison.XSLT-PATCHED.known-defect" name="REG-REF-001" time="0.012457">
    <skipped message="FAIL"/>
  </testcase>
  <testcase classname="opcua-comparison.PY-STRICT.known-defect" name="REG-MODEL-001" time="0.003038"/>
  <testcase classname="opcua-comparison.XSLT-RAW.known-defect" name="REG-MODEL-001" time="0.003849">
    <failure type="EXPECTED_GRAPH" message="expected_graph: a Model Version is absent or empty">secure_xml: PASS — DTD/entity markup absent and no-network parser succeeded
nodeset_xsd: PASS — official vendored UANodeSet XSD accepts the output
no_roundtrip_metadata: PASS — no embedded AML or forbidden mapper-private shadow nodes
expected_graph: FAIL — expected_graph: a Model Version is absent or empty</failure>
  </testcase>
  <testcase classname="opcua-comparison.XSLT-RUNNER.known-defect" name="REG-MODEL-001" time="0.004129">
    <skipped message="FAIL"/>
  </testcase>
  <testcase classname="opcua-comparison.XSLT-PATCHED.known-defect" name="REG-MODEL-001" time="0.004499">
    <skipped message="FAIL"/>
  </testcase>
  <testcase classname="opcua-comparison.PY-STRICT.known-defect" name="REG-DETERMINISM-001" time="0.003543"/>
  <testcase classname="opcua-comparison.XSLT-RAW.known-defect" name="REG-DETERMINISM-001" time="0.002113">
    <failure type="EXPECTED_GRAPH" message="expected_graph: required PublicationDate '2026-08-17T00:00:00Z' is absent; got ['2026-09-18T11:32:51Z']">secure_xml: PASS — DTD/entity markup absent and no-network parser succeeded
nodeset_xsd: PASS — official vendored UANodeSet XSD accepts the output
no_roundtrip_metadata: PASS — no embedded AML or forbidden mapper-private shadow nodes
expected_graph: FAIL — expected_graph: required PublicationDate '2026-08-17T00:00:00Z' is absent; got ['2026-09-18T11:32:51Z']</failure>
  </testcase>
  <testcase classname="opcua-comparison.XSLT-RUNNER.known-defect" name="REG-DETERMINISM-001" time="0.002122">
    <skipped message="FAIL"/>
  </testcase>
  <testcase classname="opcua-comparison.XSLT-PATCHED.known-defect" name="REG-DETERMINISM-001" time="0.004735">
    <skipped message="PASS"/>
  </testcase>
  <testcase classname="opcua-comparison.PY-STRICT.known-defect" name="REG-DTYPE-001" time="0.002928"/>
  <testcase classname="opcua-comparison.XSLT-RAW.known-defect" name="REG-DTYPE-001" time="0.003776">
    <failure type="EXPECTED_GRAPH" message="expected_graph: UAVariable 'identifier' count is 0, expected 1">secure_xml: PASS — DTD/entity markup absent and no-network parser succeeded
nodeset_xsd: PASS — official vendored UANodeSet XSD accepts the output
no_roundtrip_metadata: PASS — no embedded AML or forbidden mapper-private shadow nodes
expected_graph: FAIL — expected_graph: UAVariable 'identifier' count is 0, expected 1</failure>
  </testcase>
  <testcase classname="opcua-comparison.XSLT-RUNNER.known-defect" name="REG-DTYPE-001" time="0.004000">
    <skipped message="FAIL"/>
  </testcase>
  <testcase classname="opcua-comparison.XSLT-PATCHED.known-defect" name="REG-DTYPE-001" time="0.004400">
    <skipped message="FAIL"/>
  </testcase>
  <testcase classname="opcua-comparison.PY-STRICT.known-defect" name="REG-DTYPE-002" time="0.002979"/>
  <testcase classname="opcua-comparison.XSLT-RAW.known-defect" name="REG-DTYPE-002" time="0.003699">
    <failure type="EXPECTED_GRAPH" message="expected_graph: UAVariable 'timestamp' count is 0, expected 1">secure_xml: PASS — DTD/entity markup absent and no-network parser succeeded
nodeset_xsd: PASS — official vendored UANodeSet XSD accepts the output
no_roundtrip_metadata: PASS — no embedded AML or forbidden mapper-private shadow nodes
expected_graph: FAIL — expected_graph: UAVariable 'timestamp' count is 0, expected 1</failure>
  </testcase>
  <testcase classname="opcua-comparison.XSLT-RUNNER.known-defect" name="REG-DTYPE-002" time="0.003866">
    <skipped message="FAIL"/>
  </testcase>
  <testcase classname="opcua-comparison.XSLT-PATCHED.known-defect" name="REG-DTYPE-002" time="0.004457">
    <skipped message="FAIL"/>
  </testcase>
  <testcase classname="opcua-comparison.PY-STRICT.known-defect" name="REG-DTYPE-003" time="0.003216"/>
  <testcase classname="opcua-comparison.XSLT-RAW.known-defect" name="REG-DTYPE-003" time="0.003750">
    <failure type="EXPECTED_GRAPH" message="expected_graph: UAVariable 'token' count is 0, expected 1">secure_xml: PASS — DTD/entity markup absent and no-network parser succeeded
nodeset_xsd: PASS — official vendored UANodeSet XSD accepts the output
no_roundtrip_metadata: PASS — no embedded AML or forbidden mapper-private shadow nodes
expected_graph: FAIL — expected_graph: UAVariable 'token' count is 0, expected 1</failure>
  </testcase>
  <testcase classname="opcua-comparison.XSLT-RUNNER.known-defect" name="REG-DTYPE-003" time="0.003757">
    <skipped message="FAIL"/>
  </testcase>
  <testcase classname="opcua-comparison.XSLT-PATCHED.known-defect" name="REG-DTYPE-003" time="0.004537">
    <skipped message="FAIL"/>
  </testcase>
  <testcase classname="opcua-comparison.PY-STRICT.known-defect" name="REG-CLASS-001" time="0.003297"/>
  <testcase classname="opcua-comparison.XSLT-RAW.known-defect" name="REG-CLASS-001" time="0.003523">
    <failure type="EXPECTED_GRAPH" message="expected_graph: NodeIds match forbidden '/': ['ConnectorLib/BaseConnector/PortConnector']">secure_xml: PASS — DTD/entity markup absent and no-network parser succeeded
nodeset_xsd: PASS — official vendored UANodeSet XSD accepts the output
no_roundtrip_metadata: PASS — no embedded AML or forbidden mapper-private shadow nodes
expected_graph: FAIL — expected_graph: NodeIds match forbidden '/': ['ConnectorLib/BaseConnector/PortConnector']</failure>
  </testcase>
  <testcase classname="opcua-comparison.XSLT-RUNNER.known-defect" name="REG-CLASS-001" time="0.003967">
    <skipped message="FAIL"/>
  </testcase>
  <testcase classname="opcua-comparison.XSLT-PATCHED.known-defect" name="REG-CLASS-001" time="0.005350">
    <skipped message="PASS"/>
  </testcase>
  <testcase classname="opcua-comparison.PY-STRICT.known-defect" name="REG-IDENTITY-001" time="0.002485"/>
  <testcase classname="opcua-comparison.XSLT-RAW.known-defect" name="REG-IDENTITY-001" time="0.002373">
    <failure type="NODESET_SEMANTICS" message="nodeset_semantics: invalid alias 'RequiredValue' 'ns=2;ns=2;i=2004'">secure_xml: PASS — DTD/entity markup absent and no-network parser succeeded
nodeset_xsd: PASS — official vendored UANodeSet XSD accepts the output
nodeset_semantics: FAIL — nodeset_semantics: invalid alias 'RequiredValue' 'ns=2;ns=2;i=2004'</failure>
  </testcase>
  <testcase classname="opcua-comparison.XSLT-RUNNER.known-defect" name="REG-IDENTITY-001" time="0.002477">
    <skipped message="FAIL"/>
  </testcase>
  <testcase classname="opcua-comparison.XSLT-PATCHED.known-defect" name="REG-IDENTITY-001" time="0.002805">
    <skipped message="FAIL"/>
  </testcase>
  <testcase classname="opcua-comparison.PY-STRICT.known-defect" name="REG-CLASS-002" time="0.003325"/>
  <testcase classname="opcua-comparison.XSLT-RAW.known-defect" name="REG-CLASS-002" time="0.004342"/>
  <testcase classname="opcua-comparison.XSLT-RUNNER.known-defect" name="REG-CLASS-002" time="0.004356">
    <skipped message="PASS"/>
  </testcase>
  <testcase classname="opcua-comparison.XSLT-PATCHED.known-defect" name="REG-CLASS-002" time="0.005160">
    <skipped message="PASS"/>
  </testcase>
  <testcase classname="opcua-comparison.PY-STRICT.known-defect" name="REG-ATTR-001" time="0.002804"/>
  <testcase classname="opcua-comparison.XSLT-RAW.known-defect" name="REG-ATTR-001" time="0.003433">
    <failure type="EXPECTED_GRAPH" message="expected_graph: UAVariable 'DefaultValue' count is 0, expected 1">secure_xml: PASS — DTD/entity markup absent and no-network parser succeeded
nodeset_xsd: PASS — official vendored UANodeSet XSD accepts the output
no_roundtrip_metadata: PASS — no embedded AML or forbidden mapper-private shadow nodes
expected_graph: FAIL — expected_graph: UAVariable 'DefaultValue' count is 0, expected 1</failure>
  </testcase>
  <testcase classname="opcua-comparison.XSLT-RUNNER.known-defect" name="REG-ATTR-001" time="0.003368">
    <skipped message="FAIL"/>
  </testcase>
  <testcase classname="opcua-comparison.XSLT-PATCHED.known-defect" name="REG-ATTR-001" time="0.005707">
    <skipped message="FAIL"/>
  </testcase>
  <testcase classname="opcua-comparison.PY-STRICT.known-defect" name="REG-ATTR-002" time="0.002757"/>
  <testcase classname="opcua-comparison.XSLT-RAW.known-defect" name="REG-ATTR-002" time="0.003143">
    <failure type="EXPECTED_GRAPH" message="expected_graph: UAVariable 'state' count is 0, expected 1">secure_xml: PASS — DTD/entity markup absent and no-network parser succeeded
nodeset_xsd: PASS — official vendored UANodeSet XSD accepts the output
no_roundtrip_metadata: PASS — no embedded AML or forbidden mapper-private shadow nodes
expected_graph: FAIL — expected_graph: UAVariable 'state' count is 0, expected 1</failure>
  </testcase>
  <testcase classname="opcua-comparison.XSLT-RUNNER.known-defect" name="REG-ATTR-002" time="0.003361">
    <skipped message="FAIL"/>
  </testcase>
  <testcase classname="opcua-comparison.XSLT-PATCHED.known-defect" name="REG-ATTR-002" time="0.003886">
    <skipped message="FAIL"/>
  </testcase>
  <testcase classname="opcua-comparison.PY-STRICT.document-header" name="AML-DOC-001" time="0.003418"/>
  <testcase classname="opcua-comparison.XSLT-RAW.document-header" name="AML-DOC-001" time="0.002173">
    <failure type="NODESET_SEMANTICS" message="nodeset_semantics: invalid alias 'RequiredValue' 'ns=2;ns=2;i=2004'">secure_xml: PASS — DTD/entity markup absent and no-network parser succeeded
nodeset_xsd: PASS — official vendored UANodeSet XSD accepts the output
nodeset_semantics: FAIL — nodeset_semantics: invalid alias 'RequiredValue' 'ns=2;ns=2;i=2004'</failure>
  </testcase>
  <testcase classname="opcua-comparison.XSLT-RUNNER.document-header" name="AML-DOC-001" time="0.002209">
    <skipped message="FAIL"/>
  </testcase>
  <testcase classname="opcua-comparison.XSLT-PATCHED.document-header" name="AML-DOC-001" time="0.004319">
    <skipped message="PASS"/>
  </testcase>
  <testcase classname="opcua-comparison.PY-STRICT.document-header" name="AML-DOC-002" time="0.047261"/>
  <testcase classname="opcua-comparison.XSLT-RAW.document-header" name="AML-DOC-002" time="0.027849">
    <failure type="NODESET_SEMANTICS" message="nodeset_semantics: invalid alias 'RequiredValue' 'ns=2;ns=2;i=2004'">secure_xml: PASS — DTD/entity markup absent and no-network parser succeeded
nodeset_xsd: PASS — official vendored UANodeSet XSD accepts the output
nodeset_semantics: FAIL — nodeset_semantics: invalid alias 'RequiredValue' 'ns=2;ns=2;i=2004'</failure>
  </testcase>
  <testcase classname="opcua-comparison.XSLT-RUNNER.document-header" name="AML-DOC-002" time="0.028029">
    <skipped message="FAIL"/>
  </testcase>
  <testcase classname="opcua-comparison.XSLT-PATCHED.document-header" name="AML-DOC-002" time="0.046641">
    <skipped message="FAIL"/>
  </testcase>
  <testcase classname="opcua-comparison.PY-STRICT.document-header" name="AML-DOC-003" time="0.048152"/>
  <testcase classname="opcua-comparison.XSLT-RAW.document-header" name="AML-DOC-003" time="0.027544">
    <failure type="NODESET_SEMANTICS" message="nodeset_semantics: invalid alias 'RequiredValue' 'ns=2;ns=2;i=2004'">secure_xml: PASS — DTD/entity markup absent and no-network parser succeeded
nodeset_xsd: PASS — official vendored UANodeSet XSD accepts the output
nodeset_semantics: FAIL — nodeset_semantics: invalid alias 'RequiredValue' 'ns=2;ns=2;i=2004'</failure>
  </testcase>
  <testcase classname="opcua-comparison.XSLT-RUNNER.document-header" name="AML-DOC-003" time="0.031519">
    <skipped message="FAIL"/>
  </testcase>
  <testcase classname="opcua-comparison.XSLT-PATCHED.document-header" name="AML-DOC-003" time="0.046550">
    <skipped message="FAIL"/>
  </testcase>
  <testcase classname="opcua-comparison.PY-STRICT.document-header" name="AML-DOC-004" time="0.046612"/>
  <testcase classname="opcua-comparison.XSLT-RAW.document-header" name="AML-DOC-004" time="0.027252">
    <failure type="NODESET_SEMANTICS" message="nodeset_semantics: invalid alias 'RequiredValue' 'ns=2;ns=2;i=2004'">secure_xml: PASS — DTD/entity markup absent and no-network parser succeeded
nodeset_xsd: PASS — official vendored UANodeSet XSD accepts the output
nodeset_semantics: FAIL — nodeset_semantics: invalid alias 'RequiredValue' 'ns=2;ns=2;i=2004'</failure>
  </testcase>
  <testcase classname="opcua-comparison.XSLT-RUNNER.document-header" name="AML-DOC-004" time="0.027914">
    <skipped message="FAIL"/>
  </testcase>
  <testcase classname="opcua-comparison.XSLT-PATCHED.document-header" name="AML-DOC-004" time="0.046073">
    <skipped message="FAIL"/>
  </testcase>
  <testcase classname="opcua-comparison.PY-STRICT.document-header" name="AML-DOC-005" time="0.046927"/>
  <testcase classname="opcua-comparison.XSLT-RAW.document-header" name="AML-DOC-005" time="0.029842">
    <failure type="NODESET_SEMANTICS" message="nodeset_semantics: invalid alias 'RequiredValue' 'ns=2;ns=2;i=2004'">secure_xml: PASS — DTD/entity markup absent and no-network parser succeeded
nodeset_xsd: PASS — official vendored UANodeSet XSD accepts the output
nodeset_semantics: FAIL — nodeset_semantics: invalid alias 'RequiredValue' 'ns=2;ns=2;i=2004'</failure>
  </testcase>
  <testcase classname="opcua-comparison.XSLT-RUNNER.document-header" name="AML-DOC-005" time="0.028386">
    <skipped message="FAIL"/>
  </testcase>
  <testcase classname="opcua-comparison.XSLT-PATCHED.document-header" name="AML-DOC-005" time="0.046086">
    <skipped message="FAIL"/>
  </testcase>
  <testcase classname="opcua-comparison.PY-STRICT.document-header" name="AML-DOC-006" time="0.000342"/>
  <testcase classname="opcua-comparison.XSLT-RAW.document-header" name="AML-DOC-006" time="0.002052">
    <failure type="EXPECTED_REJECTION" message="expected_rejection: mapper accepted input that must be rejected">secure_xml: PASS — DTD/entity markup absent and no-network parser succeeded
expected_rejection: FAIL — expected_rejection: mapper accepted input that must be rejected</failure>
  </testcase>
  <testcase classname="opcua-comparison.XSLT-RUNNER.document-header" name="AML-DOC-006" time="0.001818">
    <skipped message="FAIL"/>
  </testcase>
  <testcase classname="opcua-comparison.XSLT-PATCHED.document-header" name="AML-DOC-006" time="0.001812">
    <skipped message="FAIL"/>
  </testcase>
  <testcase classname="opcua-comparison.PY-STRICT.hierarchy-class" name="AML-TREE-001" time="0.045917"/>
  <testcase classname="opcua-comparison.XSLT-RAW.hierarchy-class" name="AML-TREE-001" time="0.027135">
    <failure type="NODESET_SEMANTICS" message="nodeset_semantics: invalid alias 'RequiredValue' 'ns=2;ns=2;i=2004'">secure_xml: PASS — DTD/entity markup absent and no-network parser succeeded
nodeset_xsd: PASS — official vendored UANodeSet XSD accepts the output
nodeset_semantics: FAIL — nodeset_semantics: invalid alias 'RequiredValue' 'ns=2;ns=2;i=2004'</failure>
  </testcase>
  <testcase classname="opcua-comparison.XSLT-RUNNER.hierarchy-class" name="AML-TREE-001" time="0.029741">
    <skipped message="FAIL"/>
  </testcase>
  <testcase classname="opcua-comparison.XSLT-PATCHED.hierarchy-class" name="AML-TREE-001" time="0.047974">
    <skipped message="FAIL"/>
  </testcase>
  <testcase classname="opcua-comparison.PY-STRICT.hierarchy-class" name="AML-TREE-002" time="0.064732"/>
  <testcase classname="opcua-comparison.XSLT-RAW.hierarchy-class" name="AML-TREE-002" time="0.027197">
    <failure type="NODESET_SEMANTICS" message="nodeset_semantics: invalid alias 'RequiredValue' 'ns=2;ns=2;i=2004'">secure_xml: PASS — DTD/entity markup absent and no-network parser succeeded
nodeset_xsd: PASS — official vendored UANodeSet XSD accepts the output
nodeset_semantics: FAIL — nodeset_semantics: invalid alias 'RequiredValue' 'ns=2;ns=2;i=2004'</failure>
  </testcase>
  <testcase classname="opcua-comparison.XSLT-RUNNER.hierarchy-class" name="AML-TREE-002" time="0.027448">
    <skipped message="FAIL"/>
  </testcase>
  <testcase classname="opcua-comparison.XSLT-PATCHED.hierarchy-class" name="AML-TREE-002" time="0.045991">
    <skipped message="FAIL"/>
  </testcase>
  <testcase classname="opcua-comparison.PY-STRICT.hierarchy-class" name="AML-TREE-003" time="0.046051"/>
  <testcase classname="opcua-comparison.XSLT-RAW.hierarchy-class" name="AML-TREE-003" time="0.029731">
    <failure type="NODESET_SEMANTICS" message="nodeset_semantics: invalid alias 'RequiredValue' 'ns=2;ns=2;i=2004'">secure_xml: PASS — DTD/entity markup absent and no-network parser succeeded
nodeset_xsd: PASS — official vendored UANodeSet XSD accepts the output
nodeset_semantics: FAIL — nodeset_semantics: invalid alias 'RequiredValue' 'ns=2;ns=2;i=2004'</failure>
  </testcase>
  <testcase classname="opcua-comparison.XSLT-RUNNER.hierarchy-class" name="AML-TREE-003" time="0.028405">
    <skipped message="FAIL"/>
  </testcase>
  <testcase classname="opcua-comparison.XSLT-PATCHED.hierarchy-class" name="AML-TREE-003" time="0.045461">
    <skipped message="FAIL"/>
  </testcase>
  <testcase classname="opcua-comparison.PY-STRICT.hierarchy-class" name="AML-TREE-004" time="0.046030"/>
  <testcase classname="opcua-comparison.XSLT-RAW.hierarchy-class" name="AML-TREE-004" time="0.027660">
    <failure type="NODESET_SEMANTICS" message="nodeset_semantics: invalid alias 'RequiredValue' 'ns=2;ns=2;i=2004'">secure_xml: PASS — DTD/entity markup absent and no-network parser succeeded
nodeset_xsd: PASS — official vendored UANodeSet XSD accepts the output
nodeset_semantics: FAIL — nodeset_semantics: invalid alias 'RequiredValue' 'ns=2;ns=2;i=2004'</failure>
  </testcase>
  <testcase classname="opcua-comparison.XSLT-RUNNER.hierarchy-class" name="AML-TREE-004" time="0.028409">
    <skipped message="FAIL"/>
  </testcase>
  <testcase classname="opcua-comparison.XSLT-PATCHED.hierarchy-class" name="AML-TREE-004" time="0.048513">
    <skipped message="FAIL"/>
  </testcase>
  <testcase classname="opcua-comparison.PY-STRICT.hierarchy-class" name="AML-TREE-005" time="0.045919"/>
  <testcase classname="opcua-comparison.XSLT-RAW.hierarchy-class" name="AML-TREE-005" time="0.027306">
    <failure type="NODESET_SEMANTICS" message="nodeset_semantics: invalid alias 'RequiredValue' 'ns=2;ns=2;i=2004'">secure_xml: PASS — DTD/entity markup absent and no-network parser succeeded
nodeset_xsd: PASS — official vendored UANodeSet XSD accepts the output
nodeset_semantics: FAIL — nodeset_semantics: invalid alias 'RequiredValue' 'ns=2;ns=2;i=2004'</failure>
  </testcase>
  <testcase classname="opcua-comparison.XSLT-RUNNER.hierarchy-class" name="AML-TREE-005" time="0.027880">
    <skipped message="FAIL"/>
  </testcase>
  <testcase classname="opcua-comparison.XSLT-PATCHED.hierarchy-class" name="AML-TREE-005" time="0.044971">
    <skipped message="FAIL"/>
  </testcase>
  <testcase classname="opcua-comparison.PY-STRICT.hierarchy-class" name="AML-TREE-006" time="0.045230"/>
  <testcase classname="opcua-comparison.XSLT-RAW.hierarchy-class" name="AML-TREE-006" time="0.029346">
    <failure type="NODESET_SEMANTICS" message="nodeset_semantics: invalid alias 'RequiredValue' 'ns=2;ns=2;i=2004'">secure_xml: PASS — DTD/entity markup absent and no-network parser succeeded
nodeset_xsd: PASS — official vendored UANodeSet XSD accepts the output
nodeset_semantics: FAIL — nodeset_semantics: invalid alias 'RequiredValue' 'ns=2;ns=2;i=2004'</failure>
  </testcase>
  <testcase classname="opcua-comparison.XSLT-RUNNER.hierarchy-class" name="AML-TREE-006" time="0.027712">
    <skipped message="FAIL"/>
  </testcase>
  <testcase classname="opcua-comparison.XSLT-PATCHED.hierarchy-class" name="AML-TREE-006" time="0.045120">
    <skipped message="FAIL"/>
  </testcase>
  <testcase classname="opcua-comparison.PY-STRICT.hierarchy-class" name="AML-TREE-007" time="0.045499"/>
  <testcase classname="opcua-comparison.XSLT-RAW.hierarchy-class" name="AML-TREE-007" time="0.027124">
    <failure type="NODESET_SEMANTICS" message="nodeset_semantics: invalid alias 'RequiredValue' 'ns=2;ns=2;i=2004'">secure_xml: PASS — DTD/entity markup absent and no-network parser succeeded
nodeset_xsd: PASS — official vendored UANodeSet XSD accepts the output
nodeset_semantics: FAIL — nodeset_semantics: invalid alias 'RequiredValue' 'ns=2;ns=2;i=2004'</failure>
  </testcase>
  <testcase classname="opcua-comparison.XSLT-RUNNER.hierarchy-class" name="AML-TREE-007" time="0.029367">
    <skipped message="FAIL"/>
  </testcase>
  <testcase classname="opcua-comparison.XSLT-PATCHED.hierarchy-class" name="AML-TREE-007" time="0.046757">
    <skipped message="FAIL"/>
  </testcase>
  <testcase classname="opcua-comparison.PY-STRICT.hierarchy-class" name="AML-TREE-008" time="0.046193"/>
  <testcase classname="opcua-comparison.XSLT-RAW.hierarchy-class" name="AML-TREE-008" time="0.027108">
    <failure type="NODESET_SEMANTICS" message="nodeset_semantics: invalid alias 'RequiredValue' 'ns=2;ns=2;i=2004'">secure_xml: PASS — DTD/entity markup absent and no-network parser succeeded
nodeset_xsd: PASS — official vendored UANodeSet XSD accepts the output
nodeset_semantics: FAIL — nodeset_semantics: invalid alias 'RequiredValue' 'ns=2;ns=2;i=2004'</failure>
  </testcase>
  <testcase classname="opcua-comparison.XSLT-RUNNER.hierarchy-class" name="AML-TREE-008" time="0.027548">
    <skipped message="FAIL"/>
  </testcase>
  <testcase classname="opcua-comparison.XSLT-PATCHED.hierarchy-class" name="AML-TREE-008" time="0.045220">
    <skipped message="FAIL"/>
  </testcase>
  <testcase classname="opcua-comparison.PY-STRICT.hierarchy-class" name="AML-TREE-009" time="0.045515"/>
  <testcase classname="opcua-comparison.XSLT-RAW.hierarchy-class" name="AML-TREE-009" time="0.029660">
    <failure type="NODESET_SEMANTICS" message="nodeset_semantics: invalid alias 'RequiredValue' 'ns=2;ns=2;i=2004'">secure_xml: PASS — DTD/entity markup absent and no-network parser succeeded
nodeset_xsd: PASS — official vendored UANodeSet XSD accepts the output
nodeset_semantics: FAIL — nodeset_semantics: invalid alias 'RequiredValue' 'ns=2;ns=2;i=2004'</failure>
  </testcase>
  <testcase classname="opcua-comparison.XSLT-RUNNER.hierarchy-class" name="AML-TREE-009" time="0.028600">
    <skipped message="FAIL"/>
  </testcase>
  <testcase classname="opcua-comparison.XSLT-PATCHED.hierarchy-class" name="AML-TREE-009" time="0.045640">
    <skipped message="FAIL"/>
  </testcase>
  <testcase classname="opcua-comparison.PY-STRICT.hierarchy-class" name="AML-TREE-010" time="0.046284"/>
  <testcase classname="opcua-comparison.XSLT-RAW.hierarchy-class" name="AML-TREE-010" time="0.027171">
    <failure type="NODESET_SEMANTICS" message="nodeset_semantics: invalid alias 'RequiredValue' 'ns=2;ns=2;i=2004'">secure_xml: PASS — DTD/entity markup absent and no-network parser succeeded
nodeset_xsd: PASS — official vendored UANodeSet XSD accepts the output
nodeset_semantics: FAIL — nodeset_semantics: invalid alias 'RequiredValue' 'ns=2;ns=2;i=2004'</failure>
  </testcase>
  <testcase classname="opcua-comparison.XSLT-RUNNER.hierarchy-class" name="AML-TREE-010" time="0.029643">
    <skipped message="FAIL"/>
  </testcase>
  <testcase classname="opcua-comparison.XSLT-PATCHED.hierarchy-class" name="AML-TREE-010" time="0.046090">
    <skipped message="FAIL"/>
  </testcase>
  <testcase classname="opcua-comparison.PY-STRICT.datatype-matrix" name="AML-DTYPE-001" time="0.046460"/>
  <testcase classname="opcua-comparison.XSLT-RAW.datatype-matrix" name="AML-DTYPE-001" time="0.026924">
    <failure type="NODESET_SEMANTICS" message="nodeset_semantics: invalid alias 'RequiredValue' 'ns=2;ns=2;i=2004'">secure_xml: PASS — DTD/entity markup absent and no-network parser succeeded
nodeset_xsd: PASS — official vendored UANodeSet XSD accepts the output
nodeset_semantics: FAIL — nodeset_semantics: invalid alias 'RequiredValue' 'ns=2;ns=2;i=2004'</failure>
  </testcase>
  <testcase classname="opcua-comparison.XSLT-RUNNER.datatype-matrix" name="AML-DTYPE-001" time="0.028366">
    <skipped message="FAIL"/>
  </testcase>
  <testcase classname="opcua-comparison.XSLT-PATCHED.datatype-matrix" name="AML-DTYPE-001" time="0.048379">
    <skipped message="FAIL"/>
  </testcase>
  <testcase classname="opcua-comparison.PY-STRICT.datatype-matrix" name="AML-DTYPE-002" time="0.045790"/>
  <testcase classname="opcua-comparison.XSLT-RAW.datatype-matrix" name="AML-DTYPE-002" time="0.027419">
    <failure type="NODESET_SEMANTICS" message="nodeset_semantics: invalid alias 'RequiredValue' 'ns=2;ns=2;i=2004'">secure_xml: PASS — DTD/entity markup absent and no-network parser succeeded
nodeset_xsd: PASS — official vendored UANodeSet XSD accepts the output
nodeset_semantics: FAIL — nodeset_semantics: invalid alias 'RequiredValue' 'ns=2;ns=2;i=2004'</failure>
  </testcase>
  <testcase classname="opcua-comparison.XSLT-RUNNER.datatype-matrix" name="AML-DTYPE-002" time="0.027949">
    <skipped message="FAIL"/>
  </testcase>
  <testcase classname="opcua-comparison.XSLT-PATCHED.datatype-matrix" name="AML-DTYPE-002" time="0.045038">
    <skipped message="FAIL"/>
  </testcase>
  <testcase classname="opcua-comparison.PY-STRICT.datatype-matrix" name="AML-DTYPE-003" time="0.045694"/>
  <testcase classname="opcua-comparison.XSLT-RAW.datatype-matrix" name="AML-DTYPE-003" time="0.026976">
    <failure type="NODESET_SEMANTICS" message="nodeset_semantics: invalid alias 'RequiredValue' 'ns=2;ns=2;i=2004'">secure_xml: PASS — DTD/entity markup absent and no-network parser succeeded
nodeset_xsd: PASS — official vendored UANodeSet XSD accepts the output
nodeset_semantics: FAIL — nodeset_semantics: invalid alias 'RequiredValue' 'ns=2;ns=2;i=2004'</failure>
  </testcase>
  <testcase classname="opcua-comparison.XSLT-RUNNER.datatype-matrix" name="AML-DTYPE-003" time="0.030105">
    <skipped message="FAIL"/>
  </testcase>
  <testcase classname="opcua-comparison.XSLT-PATCHED.datatype-matrix" name="AML-DTYPE-003" time="0.048456">
    <skipped message="FAIL"/>
  </testcase>
  <testcase classname="opcua-comparison.PY-STRICT.datatype-matrix" name="AML-DTYPE-004" time="0.045419"/>
  <testcase classname="opcua-comparison.XSLT-RAW.datatype-matrix" name="AML-DTYPE-004" time="0.027712">
    <failure type="NODESET_SEMANTICS" message="nodeset_semantics: invalid alias 'RequiredValue' 'ns=2;ns=2;i=2004'">secure_xml: PASS — DTD/entity markup absent and no-network parser succeeded
nodeset_xsd: PASS — official vendored UANodeSet XSD accepts the output
nodeset_semantics: FAIL — nodeset_semantics: invalid alias 'RequiredValue' 'ns=2;ns=2;i=2004'</failure>
  </testcase>
  <testcase classname="opcua-comparison.XSLT-RUNNER.datatype-matrix" name="AML-DTYPE-004" time="0.027211">
    <skipped message="FAIL"/>
  </testcase>
  <testcase classname="opcua-comparison.XSLT-PATCHED.datatype-matrix" name="AML-DTYPE-004" time="0.047948">
    <skipped message="FAIL"/>
  </testcase>
  <testcase classname="opcua-comparison.PY-STRICT.datatype-matrix" name="AML-DTYPE-005" time="0.045506"/>
  <testcase classname="opcua-comparison.XSLT-RAW.datatype-matrix" name="AML-DTYPE-005" time="0.027179">
    <failure type="NODESET_SEMANTICS" message="nodeset_semantics: invalid alias 'RequiredValue' 'ns=2;ns=2;i=2004'">secure_xml: PASS — DTD/entity markup absent and no-network parser succeeded
nodeset_xsd: PASS — official vendored UANodeSet XSD accepts the output
nodeset_semantics: FAIL — nodeset_semantics: invalid alias 'RequiredValue' 'ns=2;ns=2;i=2004'</failure>
  </testcase>
  <testcase classname="opcua-comparison.XSLT-RUNNER.datatype-matrix" name="AML-DTYPE-005" time="0.027654">
    <skipped message="FAIL"/>
  </testcase>
  <testcase classname="opcua-comparison.XSLT-PATCHED.datatype-matrix" name="AML-DTYPE-005" time="0.045126">
    <skipped message="FAIL"/>
  </testcase>
  <testcase classname="opcua-comparison.PY-STRICT.datatype-matrix" name="AML-DTYPE-006" time="0.046019"/>
  <testcase classname="opcua-comparison.XSLT-RAW.datatype-matrix" name="AML-DTYPE-006" time="0.027231">
    <failure type="NODESET_SEMANTICS" message="nodeset_semantics: invalid alias 'RequiredValue' 'ns=2;ns=2;i=2004'">secure_xml: PASS — DTD/entity markup absent and no-network parser succeeded
nodeset_xsd: PASS — official vendored UANodeSet XSD accepts the output
nodeset_semantics: FAIL — nodeset_semantics: invalid alias 'RequiredValue' 'ns=2;ns=2;i=2004'</failure>
  </testcase>
  <testcase classname="opcua-comparison.XSLT-RUNNER.datatype-matrix" name="AML-DTYPE-006" time="0.048642">
    <skipped message="FAIL"/>
  </testcase>
  <testcase classname="opcua-comparison.XSLT-PATCHED.datatype-matrix" name="AML-DTYPE-006" time="0.045948">
    <skipped message="FAIL"/>
  </testcase>
  <testcase classname="opcua-comparison.PY-STRICT.datatype-matrix" name="AML-DTYPE-007" time="0.046963"/>
  <testcase classname="opcua-comparison.XSLT-RAW.datatype-matrix" name="AML-DTYPE-007" time="0.027369">
    <failure type="NODESET_SEMANTICS" message="nodeset_semantics: invalid alias 'RequiredValue' 'ns=2;ns=2;i=2004'">secure_xml: PASS — DTD/entity markup absent and no-network parser succeeded
nodeset_xsd: PASS — official vendored UANodeSet XSD accepts the output
nodeset_semantics: FAIL — nodeset_semantics: invalid alias 'RequiredValue' 'ns=2;ns=2;i=2004'</failure>
  </testcase>
  <testcase classname="opcua-comparison.XSLT-RUNNER.datatype-matrix" name="AML-DTYPE-007" time="0.028499">
    <skipped message="FAIL"/>
  </testcase>
  <testcase classname="opcua-comparison.XSLT-PATCHED.datatype-matrix" name="AML-DTYPE-007" time="0.045780">
    <skipped message="FAIL"/>
  </testcase>
  <testcase classname="opcua-comparison.PY-STRICT.datatype-matrix" name="AML-DTYPE-008" time="0.047042"/>
  <testcase classname="opcua-comparison.XSLT-RAW.datatype-matrix" name="AML-DTYPE-008" time="0.028566">
    <failure type="NODESET_SEMANTICS" message="nodeset_semantics: invalid alias 'RequiredValue' 'ns=2;ns=2;i=2004'">secure_xml: PASS — DTD/entity markup absent and no-network parser succeeded
nodeset_xsd: PASS — official vendored UANodeSet XSD accepts the output
nodeset_semantics: FAIL — nodeset_semantics: invalid alias 'RequiredValue' 'ns=2;ns=2;i=2004'</failure>
  </testcase>
  <testcase classname="opcua-comparison.XSLT-RUNNER.datatype-matrix" name="AML-DTYPE-008" time="0.028081">
    <skipped message="FAIL"/>
  </testcase>
  <testcase classname="opcua-comparison.XSLT-PATCHED.datatype-matrix" name="AML-DTYPE-008" time="0.045379">
    <skipped message="FAIL"/>
  </testcase>
  <testcase classname="opcua-comparison.PY-STRICT.datatype-matrix" name="AML-DTYPE-009" time="0.045307"/>
  <testcase classname="opcua-comparison.XSLT-RAW.datatype-matrix" name="AML-DTYPE-009" time="0.027343">
    <failure type="NODESET_SEMANTICS" message="nodeset_semantics: invalid alias 'RequiredValue' 'ns=2;ns=2;i=2004'">secure_xml: PASS — DTD/entity markup absent and no-network parser succeeded
nodeset_xsd: PASS — official vendored UANodeSet XSD accepts the output
nodeset_semantics: FAIL — nodeset_semantics: invalid alias 'RequiredValue' 'ns=2;ns=2;i=2004'</failure>
  </testcase>
  <testcase classname="opcua-comparison.XSLT-RUNNER.datatype-matrix" name="AML-DTYPE-009" time="0.028579">
    <skipped message="FAIL"/>
  </testcase>
  <testcase classname="opcua-comparison.XSLT-PATCHED.datatype-matrix" name="AML-DTYPE-009" time="0.048703">
    <skipped message="FAIL"/>
  </testcase>
  <testcase classname="opcua-comparison.PY-STRICT.datatype-matrix" name="AML-DTYPE-010" time="0.049148"/>
  <testcase classname="opcua-comparison.XSLT-RAW.datatype-matrix" name="AML-DTYPE-010" time="0.028562">
    <failure type="NODESET_SEMANTICS" message="nodeset_semantics: invalid alias 'RequiredValue' 'ns=2;ns=2;i=2004'">secure_xml: PASS — DTD/entity markup absent and no-network parser succeeded
nodeset_xsd: PASS — official vendored UANodeSet XSD accepts the output
nodeset_semantics: FAIL — nodeset_semantics: invalid alias 'RequiredValue' 'ns=2;ns=2;i=2004'</failure>
  </testcase>
  <testcase classname="opcua-comparison.XSLT-RUNNER.datatype-matrix" name="AML-DTYPE-010" time="0.027346">
    <skipped message="FAIL"/>
  </testcase>
  <testcase classname="opcua-comparison.XSLT-PATCHED.datatype-matrix" name="AML-DTYPE-010" time="0.045908">
    <skipped message="FAIL"/>
  </testcase>
  <testcase classname="opcua-comparison.PY-STRICT.datatype-matrix" name="AML-DTYPE-011" time="0.045465"/>
  <testcase classname="opcua-comparison.XSLT-RAW.datatype-matrix" name="AML-DTYPE-011" time="0.028354">
    <failure type="NODESET_SEMANTICS" message="nodeset_semantics: invalid alias 'RequiredValue' 'ns=2;ns=2;i=2004'">secure_xml: PASS — DTD/entity markup absent and no-network parser succeeded
nodeset_xsd: PASS — official vendored UANodeSet XSD accepts the output
nodeset_semantics: FAIL — nodeset_semantics: invalid alias 'RequiredValue' 'ns=2;ns=2;i=2004'</failure>
  </testcase>
  <testcase classname="opcua-comparison.XSLT-RUNNER.datatype-matrix" name="AML-DTYPE-011" time="0.028094">
    <skipped message="FAIL"/>
  </testcase>
  <testcase classname="opcua-comparison.XSLT-PATCHED.datatype-matrix" name="AML-DTYPE-011" time="0.045502">
    <skipped message="FAIL"/>
  </testcase>
  <testcase classname="opcua-comparison.PY-STRICT.datatype-matrix" name="AML-DTYPE-012" time="0.067274"/>
  <testcase classname="opcua-comparison.XSLT-RAW.datatype-matrix" name="AML-DTYPE-012" time="0.027146">
    <failure type="NODESET_SEMANTICS" message="nodeset_semantics: invalid alias 'RequiredValue' 'ns=2;ns=2;i=2004'">secure_xml: PASS — DTD/entity markup absent and no-network parser succeeded
nodeset_xsd: PASS — official vendored UANodeSet XSD accepts the output
nodeset_semantics: FAIL — nodeset_semantics: invalid alias 'RequiredValue' 'ns=2;ns=2;i=2004'</failure>
  </testcase>
  <testcase classname="opcua-comparison.XSLT-RUNNER.datatype-matrix" name="AML-DTYPE-012" time="0.029668">
    <skipped message="FAIL"/>
  </testcase>
  <testcase classname="opcua-comparison.XSLT-PATCHED.datatype-matrix" name="AML-DTYPE-012" time="0.049279">
    <skipped message="FAIL"/>
  </testcase>
  <testcase classname="opcua-comparison.PY-STRICT.datatype-matrix" name="AML-DTYPE-013" time="0.047607"/>
  <testcase classname="opcua-comparison.XSLT-RAW.datatype-matrix" name="AML-DTYPE-013" time="0.027497">
    <failure type="NODESET_SEMANTICS" message="nodeset_semantics: invalid alias 'RequiredValue' 'ns=2;ns=2;i=2004'">secure_xml: PASS — DTD/entity markup absent and no-network parser succeeded
nodeset_xsd: PASS — official vendored UANodeSet XSD accepts the output
nodeset_semantics: FAIL — nodeset_semantics: invalid alias 'RequiredValue' 'ns=2;ns=2;i=2004'</failure>
  </testcase>
  <testcase classname="opcua-comparison.XSLT-RUNNER.datatype-matrix" name="AML-DTYPE-013" time="0.027511">
    <skipped message="FAIL"/>
  </testcase>
  <testcase classname="opcua-comparison.XSLT-PATCHED.datatype-matrix" name="AML-DTYPE-013" time="0.046504">
    <skipped message="FAIL"/>
  </testcase>
  <testcase classname="opcua-comparison.PY-STRICT.datatype-matrix" name="AML-DTYPE-014" time="0.046556"/>
  <testcase classname="opcua-comparison.XSLT-RAW.datatype-matrix" name="AML-DTYPE-014" time="0.027659">
    <failure type="NODESET_SEMANTICS" message="nodeset_semantics: invalid alias 'RequiredValue' 'ns=2;ns=2;i=2004'">secure_xml: PASS — DTD/entity markup absent and no-network parser succeeded
nodeset_xsd: PASS — official vendored UANodeSet XSD accepts the output
nodeset_semantics: FAIL — nodeset_semantics: invalid alias 'RequiredValue' 'ns=2;ns=2;i=2004'</failure>
  </testcase>
  <testcase classname="opcua-comparison.XSLT-RUNNER.datatype-matrix" name="AML-DTYPE-014" time="0.029050">
    <skipped message="FAIL"/>
  </testcase>
  <testcase classname="opcua-comparison.XSLT-PATCHED.datatype-matrix" name="AML-DTYPE-014" time="0.045272">
    <skipped message="FAIL"/>
  </testcase>
  <testcase classname="opcua-comparison.PY-STRICT.datatype-matrix" name="AML-DTYPE-015" time="0.045741"/>
  <testcase classname="opcua-comparison.XSLT-RAW.datatype-matrix" name="AML-DTYPE-015" time="0.027135">
    <failure type="NODESET_SEMANTICS" message="nodeset_semantics: invalid alias 'RequiredValue' 'ns=2;ns=2;i=2004'">secure_xml: PASS — DTD/entity markup absent and no-network parser succeeded
nodeset_xsd: PASS — official vendored UANodeSet XSD accepts the output
nodeset_semantics: FAIL — nodeset_semantics: invalid alias 'RequiredValue' 'ns=2;ns=2;i=2004'</failure>
  </testcase>
  <testcase classname="opcua-comparison.XSLT-RUNNER.datatype-matrix" name="AML-DTYPE-015" time="0.028868">
    <skipped message="FAIL"/>
  </testcase>
  <testcase classname="opcua-comparison.XSLT-PATCHED.datatype-matrix" name="AML-DTYPE-015" time="0.045628">
    <skipped message="FAIL"/>
  </testcase>
  <testcase classname="opcua-comparison.PY-STRICT.datatype-matrix" name="AML-DTYPE-016" time="0.045806"/>
  <testcase classname="opcua-comparison.XSLT-RAW.datatype-matrix" name="AML-DTYPE-016" time="0.026908">
    <failure type="NODESET_SEMANTICS" message="nodeset_semantics: invalid alias 'RequiredValue' 'ns=2;ns=2;i=2004'">secure_xml: PASS — DTD/entity markup absent and no-network parser succeeded
nodeset_xsd: PASS — official vendored UANodeSet XSD accepts the output
nodeset_semantics: FAIL — nodeset_semantics: invalid alias 'RequiredValue' 'ns=2;ns=2;i=2004'</failure>
  </testcase>
  <testcase classname="opcua-comparison.XSLT-RUNNER.datatype-matrix" name="AML-DTYPE-016" time="0.027497">
    <skipped message="FAIL"/>
  </testcase>
  <testcase classname="opcua-comparison.XSLT-PATCHED.datatype-matrix" name="AML-DTYPE-016" time="0.047937">
    <skipped message="FAIL"/>
  </testcase>
  <testcase classname="opcua-comparison.PY-STRICT.datatype-matrix" name="AML-DTYPE-017" time="0.045361"/>
  <testcase classname="opcua-comparison.XSLT-RAW.datatype-matrix" name="AML-DTYPE-017" time="0.027545">
    <failure type="NODESET_SEMANTICS" message="nodeset_semantics: invalid alias 'RequiredValue' 'ns=2;ns=2;i=2004'">secure_xml: PASS — DTD/entity markup absent and no-network parser succeeded
nodeset_xsd: PASS — official vendored UANodeSet XSD accepts the output
nodeset_semantics: FAIL — nodeset_semantics: invalid alias 'RequiredValue' 'ns=2;ns=2;i=2004'</failure>
  </testcase>
  <testcase classname="opcua-comparison.XSLT-RUNNER.datatype-matrix" name="AML-DTYPE-017" time="0.027475">
    <skipped message="FAIL"/>
  </testcase>
  <testcase classname="opcua-comparison.XSLT-PATCHED.datatype-matrix" name="AML-DTYPE-017" time="0.044960">
    <skipped message="FAIL"/>
  </testcase>
  <testcase classname="opcua-comparison.PY-STRICT.datatype-matrix" name="AML-DTYPE-018" time="0.045337"/>
  <testcase classname="opcua-comparison.XSLT-RAW.datatype-matrix" name="AML-DTYPE-018" time="0.028096">
    <failure type="NODESET_SEMANTICS" message="nodeset_semantics: invalid alias 'RequiredValue' 'ns=2;ns=2;i=2004'">secure_xml: PASS — DTD/entity markup absent and no-network parser succeeded
nodeset_xsd: PASS — official vendored UANodeSet XSD accepts the output
nodeset_semantics: FAIL — nodeset_semantics: invalid alias 'RequiredValue' 'ns=2;ns=2;i=2004'</failure>
  </testcase>
  <testcase classname="opcua-comparison.XSLT-RUNNER.datatype-matrix" name="AML-DTYPE-018" time="0.027643">
    <skipped message="FAIL"/>
  </testcase>
  <testcase classname="opcua-comparison.XSLT-PATCHED.datatype-matrix" name="AML-DTYPE-018" time="0.045117">
    <skipped message="FAIL"/>
  </testcase>
  <testcase classname="opcua-comparison.PY-STRICT.datatype-matrix" name="AML-DTYPE-019" time="0.045779"/>
  <testcase classname="opcua-comparison.XSLT-RAW.datatype-matrix" name="AML-DTYPE-019" time="0.027224">
    <failure type="NODESET_SEMANTICS" message="nodeset_semantics: invalid alias 'RequiredValue' 'ns=2;ns=2;i=2004'">secure_xml: PASS — DTD/entity markup absent and no-network parser succeeded
nodeset_xsd: PASS — official vendored UANodeSet XSD accepts the output
nodeset_semantics: FAIL — nodeset_semantics: invalid alias 'RequiredValue' 'ns=2;ns=2;i=2004'</failure>
  </testcase>
  <testcase classname="opcua-comparison.XSLT-RUNNER.datatype-matrix" name="AML-DTYPE-019" time="0.028894">
    <skipped message="FAIL"/>
  </testcase>
  <testcase classname="opcua-comparison.XSLT-PATCHED.datatype-matrix" name="AML-DTYPE-019" time="0.047953">
    <skipped message="FAIL"/>
  </testcase>
  <testcase classname="opcua-comparison.PY-STRICT.datatype-matrix" name="AML-DTYPE-020" time="0.047139"/>
  <testcase classname="opcua-comparison.XSLT-RAW.datatype-matrix" name="AML-DTYPE-020" time="0.027091">
    <failure type="NODESET_SEMANTICS" message="nodeset_semantics: invalid alias 'RequiredValue' 'ns=2;ns=2;i=2004'">secure_xml: PASS — DTD/entity markup absent and no-network parser succeeded
nodeset_xsd: PASS — official vendored UANodeSet XSD accepts the output
nodeset_semantics: FAIL — nodeset_semantics: invalid alias 'RequiredValue' 'ns=2;ns=2;i=2004'</failure>
  </testcase>
  <testcase classname="opcua-comparison.XSLT-RUNNER.datatype-matrix" name="AML-DTYPE-020" time="0.027574">
    <skipped message="FAIL"/>
  </testcase>
  <testcase classname="opcua-comparison.XSLT-PATCHED.datatype-matrix" name="AML-DTYPE-020" time="0.046714">
    <skipped message="FAIL"/>
  </testcase>
  <testcase classname="opcua-comparison.PY-STRICT.datatype-matrix" name="AML-DTYPE-021" time="0.001049"/>
  <testcase classname="opcua-comparison.XSLT-RAW.datatype-matrix" name="AML-DTYPE-021" time="0.002902">
    <failure type="EXPECTED_REJECTION" message="expected_rejection: mapper accepted input that must be rejected">secure_xml: PASS — DTD/entity markup absent and no-network parser succeeded
expected_rejection: FAIL — expected_rejection: mapper accepted input that must be rejected</failure>
  </testcase>
  <testcase classname="opcua-comparison.XSLT-RUNNER.datatype-matrix" name="AML-DTYPE-021" time="0.002889">
    <skipped message="FAIL"/>
  </testcase>
  <testcase classname="opcua-comparison.XSLT-PATCHED.datatype-matrix" name="AML-DTYPE-021" time="0.003245">
    <skipped message="FAIL"/>
  </testcase>
  <testcase classname="opcua-comparison.PY-STRICT.attribute-semantics" name="AML-ATTR-001" time="0.046322"/>
  <testcase classname="opcua-comparison.XSLT-RAW.attribute-semantics" name="AML-ATTR-001" time="0.026884">
    <failure type="NODESET_SEMANTICS" message="nodeset_semantics: invalid alias 'RequiredValue' 'ns=2;ns=2;i=2004'">secure_xml: PASS — DTD/entity markup absent and no-network parser succeeded
nodeset_xsd: PASS — official vendored UANodeSet XSD accepts the output
nodeset_semantics: FAIL — nodeset_semantics: invalid alias 'RequiredValue' 'ns=2;ns=2;i=2004'</failure>
  </testcase>
  <testcase classname="opcua-comparison.XSLT-RUNNER.attribute-semantics" name="AML-ATTR-001" time="0.027418">
    <skipped message="FAIL"/>
  </testcase>
  <testcase classname="opcua-comparison.XSLT-PATCHED.attribute-semantics" name="AML-ATTR-001" time="0.045205">
    <skipped message="FAIL"/>
  </testcase>
  <testcase classname="opcua-comparison.PY-STRICT.attribute-semantics" name="AML-ATTR-002" time="0.045944"/>
  <testcase classname="opcua-comparison.XSLT-RAW.attribute-semantics" name="AML-ATTR-002" time="0.028079">
    <failure type="NODESET_SEMANTICS" message="nodeset_semantics: invalid alias 'RequiredValue' 'ns=2;ns=2;i=2004'">secure_xml: PASS — DTD/entity markup absent and no-network parser succeeded
nodeset_xsd: PASS — official vendored UANodeSet XSD accepts the output
nodeset_semantics: FAIL — nodeset_semantics: invalid alias 'RequiredValue' 'ns=2;ns=2;i=2004'</failure>
  </testcase>
  <testcase classname="opcua-comparison.XSLT-RUNNER.attribute-semantics" name="AML-ATTR-002" time="0.027197">
    <skipped message="FAIL"/>
  </testcase>
  <testcase classname="opcua-comparison.XSLT-PATCHED.attribute-semantics" name="AML-ATTR-002" time="0.046587">
    <skipped message="FAIL"/>
  </testcase>
  <testcase classname="opcua-comparison.PY-STRICT.attribute-semantics" name="AML-ATTR-003" time="0.005434"/>
  <testcase classname="opcua-comparison.XSLT-RAW.attribute-semantics" name="AML-ATTR-003" time="0.003239">
    <failure type="NODESET_SEMANTICS" message="nodeset_semantics: invalid alias 'RequiredValue' 'ns=2;ns=2;i=2004'">secure_xml: PASS — DTD/entity markup absent and no-network parser succeeded
nodeset_xsd: PASS — official vendored UANodeSet XSD accepts the output
nodeset_semantics: FAIL — nodeset_semantics: invalid alias 'RequiredValue' 'ns=2;ns=2;i=2004'</failure>
  </testcase>
  <testcase classname="opcua-comparison.XSLT-RUNNER.attribute-semantics" name="AML-ATTR-003" time="0.003059">
    <skipped message="FAIL"/>
  </testcase>
  <testcase classname="opcua-comparison.XSLT-PATCHED.attribute-semantics" name="AML-ATTR-003" time="0.003909">
    <skipped message="FAIL"/>
  </testcase>
  <testcase classname="opcua-comparison.PY-STRICT.attribute-semantics" name="AML-ATTR-004" time="0.047675"/>
  <testcase classname="opcua-comparison.XSLT-RAW.attribute-semantics" name="AML-ATTR-004" time="0.029009">
    <failure type="NODESET_SEMANTICS" message="nodeset_semantics: invalid alias 'RequiredValue' 'ns=2;ns=2;i=2004'">secure_xml: PASS — DTD/entity markup absent and no-network parser succeeded
nodeset_xsd: PASS — official vendored UANodeSet XSD accepts the output
nodeset_semantics: FAIL — nodeset_semantics: invalid alias 'RequiredValue' 'ns=2;ns=2;i=2004'</failure>
  </testcase>
  <testcase classname="opcua-comparison.XSLT-RUNNER.attribute-semantics" name="AML-ATTR-004" time="0.028263">
    <skipped message="FAIL"/>
  </testcase>
  <testcase classname="opcua-comparison.XSLT-PATCHED.attribute-semantics" name="AML-ATTR-004" time="0.046504">
    <skipped message="FAIL"/>
  </testcase>
  <testcase classname="opcua-comparison.PY-STRICT.attribute-semantics" name="AML-ATTR-005" time="0.046093"/>
  <testcase classname="opcua-comparison.XSLT-RAW.attribute-semantics" name="AML-ATTR-005" time="0.027244">
    <failure type="NODESET_SEMANTICS" message="nodeset_semantics: invalid alias 'RequiredValue' 'ns=2;ns=2;i=2004'">secure_xml: PASS — DTD/entity markup absent and no-network parser succeeded
nodeset_xsd: PASS — official vendored UANodeSet XSD accepts the output
nodeset_semantics: FAIL — nodeset_semantics: invalid alias 'RequiredValue' 'ns=2;ns=2;i=2004'</failure>
  </testcase>
  <testcase classname="opcua-comparison.XSLT-RUNNER.attribute-semantics" name="AML-ATTR-005" time="0.028892">
    <skipped message="FAIL"/>
  </testcase>
  <testcase classname="opcua-comparison.XSLT-PATCHED.attribute-semantics" name="AML-ATTR-005" time="0.046230">
    <skipped message="FAIL"/>
  </testcase>
  <testcase classname="opcua-comparison.PY-STRICT.attribute-semantics" name="AML-ATTR-006" time="0.045894"/>
  <testcase classname="opcua-comparison.XSLT-RAW.attribute-semantics" name="AML-ATTR-006" time="0.027331">
    <failure type="NODESET_SEMANTICS" message="nodeset_semantics: invalid alias 'RequiredValue' 'ns=2;ns=2;i=2004'">secure_xml: PASS — DTD/entity markup absent and no-network parser succeeded
nodeset_xsd: PASS — official vendored UANodeSet XSD accepts the output
nodeset_semantics: FAIL — nodeset_semantics: invalid alias 'RequiredValue' 'ns=2;ns=2;i=2004'</failure>
  </testcase>
  <testcase classname="opcua-comparison.XSLT-RUNNER.attribute-semantics" name="AML-ATTR-006" time="0.028069">
    <skipped message="FAIL"/>
  </testcase>
  <testcase classname="opcua-comparison.XSLT-PATCHED.attribute-semantics" name="AML-ATTR-006" time="0.047822">
    <skipped message="FAIL"/>
  </testcase>
  <testcase classname="opcua-comparison.PY-STRICT.attribute-semantics" name="AML-ATTR-007" time="0.046892"/>
  <testcase classname="opcua-comparison.XSLT-RAW.attribute-semantics" name="AML-ATTR-007" time="0.027926">
    <failure type="NODESET_SEMANTICS" message="nodeset_semantics: invalid alias 'RequiredValue' 'ns=2;ns=2;i=2004'">secure_xml: PASS — DTD/entity markup absent and no-network parser succeeded
nodeset_xsd: PASS — official vendored UANodeSet XSD accepts the output
nodeset_semantics: FAIL — nodeset_semantics: invalid alias 'RequiredValue' 'ns=2;ns=2;i=2004'</failure>
  </testcase>
  <testcase classname="opcua-comparison.XSLT-RUNNER.attribute-semantics" name="AML-ATTR-007" time="0.028188">
    <skipped message="FAIL"/>
  </testcase>
  <testcase classname="opcua-comparison.XSLT-PATCHED.attribute-semantics" name="AML-ATTR-007" time="0.047494">
    <skipped message="FAIL"/>
  </testcase>
  <testcase classname="opcua-comparison.PY-STRICT.attribute-semantics" name="AML-ATTR-008" time="0.069795"/>
  <testcase classname="opcua-comparison.XSLT-RAW.attribute-semantics" name="AML-ATTR-008" time="0.027580">
    <failure type="NODESET_SEMANTICS" message="nodeset_semantics: invalid alias 'RequiredValue' 'ns=2;ns=2;i=2004'">secure_xml: PASS — DTD/entity markup absent and no-network parser succeeded
nodeset_xsd: PASS — official vendored UANodeSet XSD accepts the output
nodeset_semantics: FAIL — nodeset_semantics: invalid alias 'RequiredValue' 'ns=2;ns=2;i=2004'</failure>
  </testcase>
  <testcase classname="opcua-comparison.XSLT-RUNNER.attribute-semantics" name="AML-ATTR-008" time="0.034143">
    <skipped message="FAIL"/>
  </testcase>
  <testcase classname="opcua-comparison.XSLT-PATCHED.attribute-semantics" name="AML-ATTR-008" time="0.051361">
    <skipped message="FAIL"/>
  </testcase>
  <testcase classname="opcua-comparison.PY-STRICT.attribute-semantics" name="AML-SEM-001" time="0.046440"/>
  <testcase classname="opcua-comparison.XSLT-RAW.attribute-semantics" name="AML-SEM-001" time="0.028667">
    <failure type="NODESET_SEMANTICS" message="nodeset_semantics: invalid alias 'RequiredValue' 'ns=2;ns=2;i=2004'">secure_xml: PASS — DTD/entity markup absent and no-network parser succeeded
nodeset_xsd: PASS — official vendored UANodeSet XSD accepts the output
nodeset_semantics: FAIL — nodeset_semantics: invalid alias 'RequiredValue' 'ns=2;ns=2;i=2004'</failure>
  </testcase>
  <testcase classname="opcua-comparison.XSLT-RUNNER.attribute-semantics" name="AML-SEM-001" time="0.027737">
    <skipped message="FAIL"/>
  </testcase>
  <testcase classname="opcua-comparison.XSLT-PATCHED.attribute-semantics" name="AML-SEM-001" time="0.045504">
    <skipped message="FAIL"/>
  </testcase>
  <testcase classname="opcua-comparison.PY-STRICT.attribute-semantics" name="AML-SEM-002" time="0.046729"/>
  <testcase classname="opcua-comparison.XSLT-RAW.attribute-semantics" name="AML-SEM-002" time="0.029123">
    <failure type="NODESET_SEMANTICS" message="nodeset_semantics: invalid alias 'RequiredValue' 'ns=2;ns=2;i=2004'">secure_xml: PASS — DTD/entity markup absent and no-network parser succeeded
nodeset_xsd: PASS — official vendored UANodeSet XSD accepts the output
nodeset_semantics: FAIL — nodeset_semantics: invalid alias 'RequiredValue' 'ns=2;ns=2;i=2004'</failure>
  </testcase>
  <testcase classname="opcua-comparison.XSLT-RUNNER.attribute-semantics" name="AML-SEM-002" time="0.028019">
    <skipped message="FAIL"/>
  </testcase>
  <testcase classname="opcua-comparison.XSLT-PATCHED.attribute-semantics" name="AML-SEM-002" time="0.045527">
    <skipped message="FAIL"/>
  </testcase>
  <testcase classname="opcua-comparison.PY-STRICT.attribute-semantics" name="AML-SEM-003" time="0.047493"/>
[...]
    <failure type="CANONICAL_AML" message="canonical_aml: CAEX model load failed: Unsupported CAEX schema version ''; expected 2.15 or 3.0">secure_xml: PASS — DTD/entity markup absent and no-network parser succeeded
nodeset_xsd: PASS — official vendored UANodeSet XSD accepts the output
nodeset_semantics: PASS — NodeIds, aliases, BrowseNames, and references are resolvable
no_roundtrip_metadata: PASS — no embedded AML or forbidden mapper-private shadow nodes
expected_graph: PASS — all independently declared graph facts hold
caex_xsd: PASS — reverse result is well-formed CAEX
canonical_aml: FAIL — canonical_aml: CAEX model load failed: Unsupported CAEX schema version ''; expected 2.15 or 3.0</failure>
  </testcase>
  <testcase classname="opcua-comparison.XSLT-RUNNER.ua-origin" name="UA-ORIGIN-009" time="0.003602">
    <skipped message="FAIL"/>
  </testcase>
  <testcase classname="opcua-comparison.XSLT-PATCHED.ua-origin" name="UA-ORIGIN-009" time="0.028123">
    <skipped message="PASS"/>
  </testcase>
  <testcase classname="opcua-comparison.PY-STRICT.ua-origin" name="UA-ORIGIN-010" time="0.015598"/>
  <testcase classname="opcua-comparison.XSLT-RAW.ua-origin" name="UA-ORIGIN-010" time="0.004050">
    <failure type="CANONICAL_AML" message="canonical_aml: CAEX model load failed: Unsupported CAEX schema version ''; expected 2.15 or 3.0">secure_xml: PASS — DTD/entity markup absent and no-network parser succeeded
nodeset_xsd: PASS — official vendored UANodeSet XSD accepts the output
nodeset_semantics: PASS — NodeIds, aliases, BrowseNames, and references are resolvable
no_roundtrip_metadata: PASS — no embedded AML or forbidden mapper-private shadow nodes
expected_graph: PASS — all independently declared graph facts hold
caex_xsd: PASS — reverse result is well-formed CAEX
canonical_aml: FAIL — canonical_aml: CAEX model load failed: Unsupported CAEX schema version ''; expected 2.15 or 3.0</failure>
  </testcase>
  <testcase classname="opcua-comparison.XSLT-RUNNER.ua-origin" name="UA-ORIGIN-010" time="0.003661">
    <skipped message="FAIL"/>
  </testcase>
  <testcase classname="opcua-comparison.XSLT-PATCHED.ua-origin" name="UA-ORIGIN-010" time="0.027820">
    <skipped message="PASS"/>
  </testcase>
  <testcase classname="opcua-comparison.PY-STRICT.ua-origin" name="UA-ORIGIN-011" time="0.015747"/>
  <testcase classname="opcua-comparison.XSLT-RAW.ua-origin" name="UA-ORIGIN-011" time="0.004024">
    <failure type="CANONICAL_AML" message="canonical_aml: CAEX model load failed: Unsupported CAEX schema version ''; expected 2.15 or 3.0">secure_xml: PASS — DTD/entity markup absent and no-network parser succeeded
nodeset_xsd: PASS — official vendored UANodeSet XSD accepts the output
nodeset_semantics: PASS — NodeIds, aliases, BrowseNames, and references are resolvable
no_roundtrip_metadata: PASS — no embedded AML or forbidden mapper-private shadow nodes
expected_graph: PASS — all independently declared graph facts hold
caex_xsd: PASS — reverse result is well-formed CAEX
canonical_aml: FAIL — canonical_aml: CAEX model load failed: Unsupported CAEX schema version ''; expected 2.15 or 3.0</failure>
  </testcase>
  <testcase classname="opcua-comparison.XSLT-RUNNER.ua-origin" name="UA-ORIGIN-011" time="0.003632">
    <skipped message="FAIL"/>
  </testcase>
  <testcase classname="opcua-comparison.XSLT-PATCHED.ua-origin" name="UA-ORIGIN-011" time="0.027421">
    <skipped message="PASS"/>
  </testcase>
  <testcase classname="opcua-comparison.PY-STRICT.ua-origin" name="UA-ORIGIN-012" time="0.015708"/>
  <testcase classname="opcua-comparison.XSLT-RAW.ua-origin" name="UA-ORIGIN-012" time="0.004091">
    <failure type="CANONICAL_AML" message="canonical_aml: CAEX model load failed: Unsupported CAEX schema version ''; expected 2.15 or 3.0">secure_xml: PASS — DTD/entity markup absent and no-network parser succeeded
nodeset_xsd: PASS — official vendored UANodeSet XSD accepts the output
nodeset_semantics: PASS — NodeIds, aliases, BrowseNames, and references are resolvable
no_roundtrip_metadata: PASS — no embedded AML or forbidden mapper-private shadow nodes
expected_graph: PASS — all independently declared graph facts hold
caex_xsd: PASS — reverse result is well-formed CAEX
canonical_aml: FAIL — canonical_aml: CAEX model load failed: Unsupported CAEX schema version ''; expected 2.15 or 3.0</failure>
  </testcase>
  <testcase classname="opcua-comparison.XSLT-RUNNER.ua-origin" name="UA-ORIGIN-012" time="0.003684">
    <skipped message="FAIL"/>
  </testcase>
  <testcase classname="opcua-comparison.XSLT-PATCHED.ua-origin" name="UA-ORIGIN-012" time="0.028652">
    <skipped message="PASS"/>
  </testcase>
  <testcase classname="opcua-comparison.PY-STRICT.ua-origin" name="UA-ORIGIN-013" time="0.015823"/>
  <testcase classname="opcua-comparison.XSLT-RAW.ua-origin" name="UA-ORIGIN-013" time="0.004072">
    <failure type="CANONICAL_AML" message="canonical_aml: CAEX model load failed: Unsupported CAEX schema version ''; expected 2.15 or 3.0">secure_xml: PASS — DTD/entity markup absent and no-network parser succeeded
nodeset_xsd: PASS — official vendored UANodeSet XSD accepts the output
nodeset_semantics: PASS — NodeIds, aliases, BrowseNames, and references are resolvable
no_roundtrip_metadata: PASS — no embedded AML or forbidden mapper-private shadow nodes
expected_graph: PASS — all independently declared graph facts hold
caex_xsd: PASS — reverse result is well-formed CAEX
canonical_aml: FAIL — canonical_aml: CAEX model load failed: Unsupported CAEX schema version ''; expected 2.15 or 3.0</failure>
  </testcase>
  <testcase classname="opcua-comparison.XSLT-RUNNER.ua-origin" name="UA-ORIGIN-013" time="0.003597">
    <skipped message="FAIL"/>
  </testcase>
  <testcase classname="opcua-comparison.XSLT-PATCHED.ua-origin" name="UA-ORIGIN-013" time="0.027547">
    <skipped message="PASS"/>
  </testcase>
  <testcase classname="opcua-comparison.PY-STRICT.ua-origin" name="UA-ORIGIN-014" time="0.015781"/>
  <testcase classname="opcua-comparison.XSLT-RAW.ua-origin" name="UA-ORIGIN-014" time="0.004030">
    <failure type="CANONICAL_AML" message="canonical_aml: CAEX model load failed: Unsupported CAEX schema version ''; expected 2.15 or 3.0">secure_xml: PASS — DTD/entity markup absent and no-network parser succeeded
nodeset_xsd: PASS — official vendored UANodeSet XSD accepts the output
nodeset_semantics: PASS — NodeIds, aliases, BrowseNames, and references are resolvable
no_roundtrip_metadata: PASS — no embedded AML or forbidden mapper-private shadow nodes
expected_graph: PASS — all independently declared graph facts hold
caex_xsd: PASS — reverse result is well-formed CAEX
canonical_aml: FAIL — canonical_aml: CAEX model load failed: Unsupported CAEX schema version ''; expected 2.15 or 3.0</failure>
  </testcase>
  <testcase classname="opcua-comparison.XSLT-RUNNER.ua-origin" name="UA-ORIGIN-014" time="0.003610">
    <skipped message="FAIL"/>
  </testcase>
  <testcase classname="opcua-comparison.XSLT-PATCHED.ua-origin" name="UA-ORIGIN-014" time="0.028536">
    <skipped message="PASS"/>
  </testcase>
  <testcase classname="opcua-comparison.PY-STRICT.ua-origin" name="UA-ORIGIN-015" time="0.016010"/>
  <testcase classname="opcua-comparison.XSLT-RAW.ua-origin" name="UA-ORIGIN-015" time="0.004176">
    <failure type="CANONICAL_AML" message="canonical_aml: CAEX model load failed: Unsupported CAEX schema version ''; expected 2.15 or 3.0">secure_xml: PASS — DTD/entity markup absent and no-network parser succeeded
nodeset_xsd: PASS — official vendored UANodeSet XSD accepts the output
nodeset_semantics: PASS — NodeIds, aliases, BrowseNames, and references are resolvable
no_roundtrip_metadata: PASS — no embedded AML or forbidden mapper-private shadow nodes
expected_graph: PASS — all independently declared graph facts hold
caex_xsd: PASS — reverse result is well-formed CAEX
canonical_aml: FAIL — canonical_aml: CAEX model load failed: Unsupported CAEX schema version ''; expected 2.15 or 3.0</failure>
  </testcase>
  <testcase classname="opcua-comparison.XSLT-RUNNER.ua-origin" name="UA-ORIGIN-015" time="0.003864">
    <skipped message="FAIL"/>
  </testcase>
  <testcase classname="opcua-comparison.XSLT-PATCHED.ua-origin" name="UA-ORIGIN-015" time="0.028478">
    <skipped message="PASS"/>
  </testcase>
  <testcase classname="opcua-comparison.PY-STRICT.ua-origin" name="UA-ORIGIN-016" time="0.002542"/>
  <testcase classname="opcua-comparison.XSLT-RAW.ua-origin" name="UA-ORIGIN-016" time="0.002494">
    <failure type="EXPECTED_REJECTION" message="expected_rejection: mapper accepted input that must be rejected">secure_xml: PASS — DTD/entity markup absent and no-network parser succeeded
caex_xsd: PASS — reverse result is well-formed CAEX
expected_rejection: FAIL — expected_rejection: mapper accepted input that must be rejected</failure>
  </testcase>
  <testcase classname="opcua-comparison.XSLT-RUNNER.ua-origin" name="UA-ORIGIN-016" time="0.002074">
    <skipped message="FAIL"/>
  </testcase>
  <testcase classname="opcua-comparison.XSLT-PATCHED.ua-origin" name="UA-ORIGIN-016" time="0.002492">
    <skipped message="EXPECTED_REJECTION"/>
  </testcase>
  <testcase classname="opcua-comparison.PY-STRICT.negative-security" name="NEG-UA-001" time="0.000753"/>
  <testcase classname="opcua-comparison.XSLT-RAW.negative-security" name="NEG-UA-001" time="0.002094">
    <failure type="EXPECTED_REJECTION" message="expected_rejection: mapper accepted input that must be rejected">secure_xml: PASS — DTD/entity markup absent and no-network parser succeeded
caex_xsd: PASS — reverse result is well-formed CAEX
expected_rejection: FAIL — expected_rejection: mapper accepted input that must be rejected</failure>
  </testcase>
  <testcase classname="opcua-comparison.XSLT-RUNNER.negative-security" name="NEG-UA-001" time="0.002023">
    <skipped message="FAIL"/>
  </testcase>
  <testcase classname="opcua-comparison.XSLT-PATCHED.negative-security" name="NEG-UA-001" time="0.000857">
    <skipped message="EXPECTED_REJECTION"/>
  </testcase>
  <testcase classname="opcua-comparison.PY-STRICT.negative-security" name="NEG-UA-002" time="0.000675"/>
  <testcase classname="opcua-comparison.XSLT-RAW.negative-security" name="NEG-UA-002" time="0.001970">
    <failure type="EXPECTED_REJECTION" message="expected_rejection: mapper accepted input that must be rejected">secure_xml: PASS — DTD/entity markup absent and no-network parser succeeded
caex_xsd: PASS — reverse result is well-formed CAEX
expected_rejection: FAIL — expected_rejection: mapper accepted input that must be rejected</failure>
  </testcase>
  <testcase classname="opcua-comparison.XSLT-RUNNER.negative-security" name="NEG-UA-002" time="0.002092">
    <skipped message="FAIL"/>
  </testcase>
  <testcase classname="opcua-comparison.XSLT-PATCHED.negative-security" name="NEG-UA-002" time="0.000740">
    <skipped message="EXPECTED_REJECTION"/>
  </testcase>
  <testcase classname="opcua-comparison.PY-STRICT.negative-security" name="NEG-UA-003" time="0.001972"/>
  <testcase classname="opcua-comparison.XSLT-RAW.negative-security" name="NEG-UA-003" time="0.002061">
    <failure type="EXPECTED_REJECTION" message="expected_rejection: mapper accepted input that must be rejected">secure_xml: PASS — DTD/entity markup absent and no-network parser succeeded
caex_xsd: PASS — reverse result is well-formed CAEX
expected_rejection: FAIL — expected_rejection: mapper accepted input that must be rejected</failure>
  </testcase>
  <testcase classname="opcua-comparison.XSLT-RUNNER.negative-security" name="NEG-UA-003" time="0.002009">
    <skipped message="FAIL"/>
  </testcase>
  <testcase classname="opcua-comparison.XSLT-PATCHED.negative-security" name="NEG-UA-003" time="0.002009">
    <skipped message="EXPECTED_REJECTION"/>
  </testcase>
  <testcase classname="opcua-comparison.PY-STRICT.negative-security" name="NEG-UA-004" time="0.002881"/>
  <testcase classname="opcua-comparison.XSLT-RAW.negative-security" name="NEG-UA-004" time="0.002132">
    <failure type="EXPECTED_REJECTION" message="expected_rejection: mapper accepted input that must be rejected">secure_xml: PASS — DTD/entity markup absent and no-network parser succeeded
caex_xsd: PASS — reverse result is well-formed CAEX
expected_rejection: FAIL — expected_rejection: mapper accepted input that must be rejected</failure>
  </testcase>
  <testcase classname="opcua-comparison.XSLT-RUNNER.negative-security" name="NEG-UA-004" time="0.002033">
    <skipped message="FAIL"/>
  </testcase>
  <testcase classname="opcua-comparison.XSLT-PATCHED.negative-security" name="NEG-UA-004" time="0.002244">
    <skipped message="EXPECTED_REJECTION"/>
  </testcase>
  <testcase classname="opcua-comparison.PY-STRICT.negative-security" name="NEG-UA-005" time="0.001621"/>
  <testcase classname="opcua-comparison.XSLT-RAW.negative-security" name="NEG-UA-005" time="0.001975">
    <failure type="EXPECTED_REJECTION" message="expected_rejection: mapper accepted input that must be rejected">secure_xml: PASS — DTD/entity markup absent and no-network parser succeeded
caex_xsd: PASS — reverse result is well-formed CAEX
expected_rejection: FAIL — expected_rejection: mapper accepted input that must be rejected</failure>
  </testcase>
  <testcase classname="opcua-comparison.XSLT-RUNNER.negative-security" name="NEG-UA-005" time="0.002003">
    <skipped message="FAIL"/>
  </testcase>
  <testcase classname="opcua-comparison.XSLT-PATCHED.negative-security" name="NEG-UA-005" time="0.001654">
    <skipped message="EXPECTED_REJECTION"/>
  </testcase>
  <testcase classname="opcua-comparison.PY-STRICT.negative-security" name="NEG-UA-006" time="0.001554"/>
  <testcase classname="opcua-comparison.XSLT-RAW.negative-security" name="NEG-UA-006" time="0.002009">
    <failure type="EXPECTED_REJECTION" message="expected_rejection: mapper accepted input that must be rejected">secure_xml: PASS — DTD/entity markup absent and no-network parser succeeded
caex_xsd: PASS — reverse result is well-formed CAEX
expected_rejection: FAIL — expected_rejection: mapper accepted input that must be rejected</failure>
  </testcase>
  <testcase classname="opcua-comparison.XSLT-RUNNER.negative-security" name="NEG-UA-006" time="0.002629">
    <skipped message="FAIL"/>
  </testcase>
  <testcase classname="opcua-comparison.XSLT-PATCHED.negative-security" name="NEG-UA-006" time="0.001531">
    <skipped message="EXPECTED_REJECTION"/>
  </testcase>
  <testcase classname="opcua-comparison.PY-STRICT.negative-security" name="NEG-UA-007" time="0.000818"/>
  <testcase classname="opcua-comparison.XSLT-RAW.negative-security" name="NEG-UA-007" time="0.002046">
    <failure type="EXPECTED_REJECTION" message="expected_rejection: mapper accepted input that must be rejected">secure_xml: PASS — DTD/entity markup absent and no-network parser succeeded
caex_xsd: PASS — reverse result is well-formed CAEX
expected_rejection: FAIL — expected_rejection: mapper accepted input that must be rejected</failure>
  </testcase>
  <testcase classname="opcua-comparison.XSLT-RUNNER.negative-security" name="NEG-UA-007" time="0.002040">
    <skipped message="FAIL"/>
  </testcase>
  <testcase classname="opcua-comparison.XSLT-PATCHED.negative-security" name="NEG-UA-007" time="0.000674">
    <skipped message="EXPECTED_REJECTION"/>
  </testcase>
  <testcase classname="opcua-comparison.PY-STRICT.negative-security" name="NEG-UA-008" time="0.002199"/>
  <testcase classname="opcua-comparison.XSLT-RAW.negative-security" name="NEG-UA-008" time="0.002005">
    <failure type="EXPECTED_REJECTION" message="expected_rejection: mapper accepted input that must be rejected">secure_xml: PASS — DTD/entity markup absent and no-network parser succeeded
caex_xsd: PASS — reverse result is well-formed CAEX
expected_rejection: FAIL — expected_rejection: mapper accepted input that must be rejected</failure>
  </testcase>
  <testcase classname="opcua-comparison.XSLT-RUNNER.negative-security" name="NEG-UA-008" time="0.002007">
    <skipped message="FAIL"/>
  </testcase>
  <testcase classname="opcua-comparison.XSLT-PATCHED.negative-security" name="NEG-UA-008" time="0.002163">
    <skipped message="EXPECTED_REJECTION"/>
  </testcase>
  <testcase classname="opcua-comparison.PY-STRICT.negative-security" name="NEG-AML-009" time="0.001583"/>
  <testcase classname="opcua-comparison.XSLT-RAW.negative-security" name="NEG-AML-009" time="0.003330">
    <failure type="EXPECTED_REJECTION" message="expected_rejection: mapper accepted input that must be rejected">secure_xml: PASS — DTD/entity markup absent and no-network parser succeeded
expected_rejection: FAIL — expected_rejection: mapper accepted input that must be rejected</failure>
  </testcase>
  <testcase classname="opcua-comparison.XSLT-RUNNER.negative-security" name="NEG-AML-009" time="0.003156">
    <skipped message="FAIL"/>
  </testcase>
  <testcase classname="opcua-comparison.XSLT-PATCHED.negative-security" name="NEG-AML-009" time="0.004269">
    <skipped message="FAIL"/>
  </testcase>
  <testcase classname="opcua-comparison.PY-STRICT.negative-security" name="NEG-AML-010" time="0.001565"/>
  <testcase classname="opcua-comparison.XSLT-RAW.negative-security" name="NEG-AML-010" time="0.003487">
    <failure type="EXPECTED_REJECTION" message="expected_rejection: mapper accepted input that must be rejected">secure_xml: PASS — DTD/entity markup absent and no-network parser succeeded
expected_rejection: FAIL — expected_rejection: mapper accepted input that must be rejected</failure>
  </testcase>
  <testcase classname="opcua-comparison.XSLT-RUNNER.negative-security" name="NEG-AML-010" time="0.003564">
    <skipped message="FAIL"/>
  </testcase>
  <testcase classname="opcua-comparison.XSLT-PATCHED.negative-security" name="NEG-AML-010" time="0.006105">
    <skipped message="FAIL"/>
  </testcase>
  <testcase classname="opcua-comparison.PY-STRICT.negative-security" name="NEG-UA-011" time="0.002248"/>
  <testcase classname="opcua-comparison.XSLT-RAW.negative-security" name="NEG-UA-011" time="0.002055">
    <failure type="EXPECTED_REJECTION" message="expected_rejection: mapper accepted input that must be rejected">secure_xml: PASS — DTD/entity markup absent and no-network parser succeeded
caex_xsd: PASS — reverse result is well-formed CAEX
expected_rejection: FAIL — expected_rejection: mapper accepted input that must be rejected</failure>
  </testcase>
  <testcase classname="opcua-comparison.XSLT-RUNNER.negative-security" name="NEG-UA-011" time="0.001995">
    <skipped message="FAIL"/>
  </testcase>
  <testcase classname="opcua-comparison.XSLT-PATCHED.negative-security" name="NEG-UA-011" time="0.002060">
    <skipped message="EXPECTED_REJECTION"/>
  </testcase>
  <testcase classname="opcua-comparison.PY-STRICT.negative-security" name="NEG-SEC-012" time="0.000014"/>
  <testcase classname="opcua-comparison.XSLT-RAW.negative-security" name="NEG-SEC-012" time="0.000413">
    <failure type="TRANSFORM_ERROR" message="upstream forward XSLT failed: Warning at xsl:variable on line 192 column 33 of Nodeset2AML.xslt:&#10;  SXWN9001  A variable with no following sibling instructions has no effect&#10;Warning at xsl:variable on line 200 column 33 of Nodeset2AML.xslt:&#10;  SXWN9001  A variable with no following sibling instructions has no effect&#10;">engine: FAIL — upstream forward XSLT failed: Warning at xsl:variable on line 192 column 33 of Nodeset2AML.xslt:
  SXWN9001  A variable with no following sibling instructions has no effect
Warning at xsl:variable on line 200 column 33 of Nodeset2AML.xslt:
  SXWN9001  A variable with no following sibling instructions has no effect
</failure>
  </testcase>
  <testcase classname="opcua-comparison.XSLT-RUNNER.negative-security" name="NEG-SEC-012" time="0.000312">
    <skipped message="FAIL"/>
  </testcase>
  <testcase classname="opcua-comparison.XSLT-PATCHED.negative-security" name="NEG-SEC-012" time="0.000016">
    <skipped message="EXPECTED_REJECTION"/>
  </testcase>
</testsuite>
